TN:
SF:src\classic\SuperMap.js
FNF:0
FNH:0
DA:1,1
DA:2,1
LF:2
LH:2
BRDA:1,0,0,1
BRDA:1,0,1,0
BRDA:2,1,0,1
BRDA:2,1,1,0
BRF:4
BRH:2
end_of_record
TN:
SF:src\classic\overlay\MapVLayer.js
FN:18,(anonymous_0)
FN:85,(anonymous_1)
FN:107,(anonymous_2)
FN:117,(anonymous_3)
FN:126,(anonymous_4)
FN:145,(anonymous_5)
FN:153,(anonymous_6)
FN:163,(anonymous_7)
FN:182,(anonymous_8)
FN:226,(anonymous_9)
FNF:10
FNH:10
FNDA:11,(anonymous_0)
FNDA:12,(anonymous_1)
FNDA:1,(anonymous_2)
FNDA:2,(anonymous_3)
FNDA:1,(anonymous_4)
FNDA:1,(anonymous_5)
FNDA:1,(anonymous_6)
FNDA:12,(anonymous_7)
FNDA:29,(anonymous_8)
FNDA:29,(anonymous_9)
DA:19,11
DA:25,11
DA:31,11
DA:37,11
DA:43,11
DA:50,11
DA:52,11
DA:53,11
DA:57,11
DA:58,11
DA:59,0
DA:61,11
DA:63,11
DA:64,11
DA:65,11
DA:66,11
DA:67,11
DA:68,11
DA:69,11
DA:70,11
DA:71,11
DA:72,11
DA:74,11
DA:78,11
DA:86,12
DA:87,0
DA:88,0
DA:90,12
DA:91,12
DA:92,12
DA:93,12
DA:94,12
DA:95,12
DA:96,12
DA:97,12
DA:98,12
DA:108,1
DA:118,2
DA:127,1
DA:128,1
DA:130,1
DA:146,1
DA:154,1
DA:164,12
DA:165,12
DA:166,12
DA:167,12
DA:168,0
DA:170,12
DA:183,29
DA:184,29
DA:185,0
DA:187,29
DA:188,29
DA:189,28
DA:190,28
DA:191,28
DA:194,28
DA:195,28
DA:196,28
DA:197,28
DA:198,0
DA:199,0
DA:201,28
DA:202,28
DA:205,28
DA:206,28
DA:207,28
DA:208,28
DA:209,28
DA:210,28
DA:211,0
DA:215,29
DA:216,28
DA:227,29
DA:228,29
DA:229,29
DA:230,29
DA:231,0
DA:233,29
DA:237,1
LF:81
LH:72
BRDA:52,0,0,11
BRDA:52,0,1,0
BRDA:58,1,0,0
BRDA:58,1,1,11
BRDA:67,2,0,11
BRDA:67,2,1,11
BRDA:67,2,2,11
BRDA:69,3,0,0
BRDA:69,3,1,11
BRDA:70,4,0,11
BRDA:70,4,1,0
BRDA:71,5,0,11
BRDA:71,5,1,0
BRDA:86,6,0,0
BRDA:86,6,1,12
BRDA:86,7,0,12
BRDA:86,7,1,11
BRDA:108,8,0,1
BRDA:108,8,1,1
BRDA:118,9,0,2
BRDA:118,9,1,2
BRDA:127,10,0,1
BRDA:127,10,1,0
BRDA:146,11,0,1
BRDA:146,11,1,1
BRDA:167,12,0,0
BRDA:167,12,1,12
BRDA:184,13,0,0
BRDA:184,13,1,29
BRDA:188,14,0,28
BRDA:188,14,1,1
BRDA:197,15,0,0
BRDA:197,15,1,28
BRDA:210,16,0,0
BRDA:210,16,1,28
BRDA:211,17,0,0
BRDA:211,17,1,0
BRDA:215,18,0,28
BRDA:215,18,1,1
BRDA:216,19,0,28
BRDA:216,19,1,28
BRDA:229,20,0,29
BRDA:229,20,1,0
BRDA:230,21,0,0
BRDA:230,21,1,29
BRF:45
BRH:30
end_of_record
TN:
SF:src\classic\overlay\mapv\MapVRenderer.js
FN:21,(anonymous_0)
FN:43,(anonymous_1)
FN:54,(anonymous_2)
FN:63,(anonymous_3)
FN:80,(anonymous_4)
FN:97,(anonymous_5)
FN:107,(anonymous_6)
FN:122,(anonymous_7)
FN:136,(anonymous_8)
FN:145,(anonymous_9)
FN:150,(anonymous_10)
FN:162,(anonymous_11)
FN:172,(anonymous_12)
FN:181,(anonymous_13)
FN:186,(anonymous_14)
FN:204,(anonymous_15)
FN:249,(anonymous_16)
FN:257,(anonymous_17)
FN:292,(anonymous_18)
FN:312,(anonymous_19)
FN:322,(anonymous_20)
FN:330,(anonymous_21)
FN:338,(anonymous_22)
FN:346,(anonymous_23)
FNF:24
FNH:15
FNDA:12,(anonymous_0)
FNDA:0,(anonymous_1)
FNDA:0,(anonymous_2)
FNDA:12,(anonymous_3)
FNDA:0,(anonymous_4)
FNDA:28,(anonymous_5)
FNDA:1,(anonymous_6)
FNDA:2,(anonymous_7)
FNDA:1,(anonymous_8)
FNDA:1,(anonymous_9)
FNDA:1,(anonymous_10)
FNDA:1,(anonymous_11)
FNDA:28,(anonymous_12)
FNDA:0,(anonymous_13)
FNDA:0,(anonymous_14)
FNDA:28,(anonymous_15)
FNDA:24003,(anonymous_16)
FNDA:0,(anonymous_17)
FNDA:17,(anonymous_18)
FNDA:0,(anonymous_19)
FNDA:28,(anonymous_20)
FNDA:0,(anonymous_21)
FNDA:0,(anonymous_22)
FNDA:5,(anonymous_23)
DA:18,1
DA:22,12
DA:23,12
DA:24,0
DA:27,12
DA:28,12
DA:30,12
DA:31,12
DA:32,12
DA:33,12
DA:34,12
DA:35,12
DA:44,0
DA:45,0
DA:46,0
DA:55,0
DA:56,0
DA:64,12
DA:66,12
DA:67,0
DA:68,0
DA:70,0
DA:71,0
DA:81,0
DA:83,0
DA:84,0
DA:85,0
DA:87,0
DA:88,0
DA:98,28
DA:108,1
DA:109,1
DA:110,1
DA:112,1
DA:113,1
DA:123,2
DA:124,2
DA:125,2
DA:127,2
DA:128,2
DA:129,2
DA:137,1
DA:146,1
DA:147,0
DA:149,1
DA:151,1
DA:154,1
DA:155,1
DA:163,1
DA:164,1
DA:173,28
DA:182,0
DA:183,0
DA:184,0
DA:187,0
DA:195,0
DA:200,0
DA:205,28
DA:206,0
DA:209,28
DA:211,28
DA:213,28
DA:214,28
DA:215,28
DA:216,0
DA:217,0
DA:218,0
DA:220,0
DA:221,0
DA:222,0
DA:223,0
DA:224,0
DA:225,0
DA:228,28
DA:231,28
DA:232,28
DA:233,342
DA:236,0
DA:239,28
DA:243,0
DA:245,28
DA:247,28
DA:250,24003
DA:251,24003
DA:252,24003
DA:256,28
DA:257,0
DA:258,0
DA:259,0
DA:263,28
DA:265,28
DA:267,28
DA:269,28
DA:270,28
DA:271,28
DA:273,28
DA:274,0
DA:276,28
DA:277,0
DA:280,0
DA:281,0
DA:282,0
DA:285,28
DA:287,28
DA:289,28
DA:293,17
DA:295,17
DA:297,17
DA:299,17
DA:301,17
DA:302,0
DA:305,17
DA:313,0
DA:314,0
DA:323,28
DA:331,0
DA:339,0
DA:347,5
LF:118
LH:70
BRDA:18,0,0,1
BRDA:18,0,1,0
BRDA:23,1,0,0
BRDA:23,1,1,12
BRDA:28,2,0,12
BRDA:28,2,1,0
BRDA:45,3,0,0
BRDA:45,3,1,0
BRDA:66,4,0,0
BRDA:66,4,1,12
BRDA:67,5,0,0
BRDA:67,5,1,0
BRDA:70,6,0,0
BRDA:70,6,1,0
BRDA:83,7,0,0
BRDA:83,7,1,0
BRDA:84,8,0,0
BRDA:84,8,1,0
BRDA:87,9,0,0
BRDA:87,9,1,0
BRDA:98,10,0,28
BRDA:98,10,1,28
BRDA:109,11,0,1
BRDA:109,11,1,0
BRDA:109,12,0,1
BRDA:109,12,1,1
BRDA:124,13,0,2
BRDA:124,13,1,0
BRDA:124,14,0,2
BRDA:124,14,1,2
BRDA:127,15,0,2
BRDA:127,15,1,0
BRDA:146,16,0,0
BRDA:146,16,1,1
BRDA:151,17,0,1
BRDA:151,17,1,0
BRDA:151,18,0,1
BRDA:151,18,1,1
BRDA:163,19,0,1
BRDA:163,19,1,1
BRDA:182,20,0,0
BRDA:182,20,1,0
BRDA:182,21,0,0
BRDA:182,21,1,0
BRDA:205,22,0,0
BRDA:205,22,1,28
BRDA:215,23,0,0
BRDA:215,23,1,28
BRDA:216,24,0,0
BRDA:216,24,1,0
BRDA:220,25,0,0
BRDA:220,25,1,0
BRDA:231,26,0,28
BRDA:231,26,1,0
BRDA:239,27,0,0
BRDA:239,27,1,28
BRDA:240,28,0,28
BRDA:240,28,1,0
BRDA:240,28,2,28
BRDA:240,28,3,0
BRDA:256,29,0,0
BRDA:256,29,1,28
BRDA:258,30,0,0
BRDA:258,30,1,0
BRDA:259,31,0,0
BRDA:259,31,1,0
BRDA:259,31,2,0
BRDA:269,32,0,28
BRDA:269,32,1,0
BRDA:270,33,0,28
BRDA:270,33,1,0
BRDA:273,34,0,0
BRDA:273,34,1,28
BRDA:276,35,0,0
BRDA:276,35,1,28
BRDA:289,36,0,28
BRDA:289,36,1,0
BRDA:299,37,0,17
BRDA:299,37,1,17
BRDA:301,38,0,0
BRDA:301,38,1,17
BRDA:302,39,0,0
BRDA:302,39,1,0
BRDA:323,40,0,28
BRDA:323,40,1,28
BRDA:323,40,2,28
BRF:86
BRH:37
end_of_record
TN:
SF:src\classic\services\AddressMatchService.js
FN:20,(anonymous_0)
FN:31,(anonymous_1)
FN:53,(anonymous_2)
FNF:3
FNH:3
FNDA:4,(anonymous_0)
FNDA:1,(anonymous_1)
FNDA:1,(anonymous_2)
DA:21,4
DA:22,4
DA:32,1
DA:33,1
DA:44,1
DA:54,1
DA:55,1
DA:66,1
DA:70,1
LF:9
LH:9
BRF:0
BRH:0
end_of_record
TN:
SF:src\classic\services\DatasetService.js
FN:23,(anonymous_0)
FN:38,(anonymous_1)
FN:68,(anonymous_2)
FN:97,(anonymous_3)
FN:142,(anonymous_4)
FNF:5
FNH:5
FNDA:6,(anonymous_0)
FNDA:1,(anonymous_1)
FNDA:2,(anonymous_2)
FNDA:2,(anonymous_3)
FNDA:1,(anonymous_4)
DA:24,6
DA:25,6
DA:39,1
DA:40,0
DA:42,1
DA:43,1
DA:54,1
DA:69,2
DA:70,0
DA:72,2
DA:73,2
DA:84,2
DA:98,2
DA:99,0
DA:102,2
DA:103,1
DA:107,1
DA:108,1
DA:116,2
DA:117,2
DA:118,2
DA:128,2
DA:143,1
DA:144,1
DA:145,1
DA:155,1
DA:159,1
LF:27
LH:24
BRDA:39,0,0,0
BRDA:39,0,1,1
BRDA:69,1,0,0
BRDA:69,1,1,2
BRDA:69,2,0,2
BRDA:69,2,1,2
BRDA:98,3,0,0
BRDA:98,3,1,2
BRDA:98,4,0,2
BRDA:98,4,1,1
BRDA:102,5,0,1
BRDA:102,5,1,1
BRDA:107,6,0,1
BRDA:107,6,1,0
BRF:14
BRH:10
end_of_record
TN:
SF:src\classic\services\DatasourceService.js
FN:22,(anonymous_0)
FN:36,(anonymous_1)
FN:62,(anonymous_2)
FN:91,(anonymous_3)
FNF:4
FNH:4
FNDA:4,(anonymous_0)
FNDA:1,(anonymous_1)
FNDA:2,(anonymous_2)
FNDA:1,(anonymous_3)
DA:23,4
DA:24,4
DA:37,1
DA:38,1
DA:49,1
DA:63,2
DA:64,0
DA:66,2
DA:67,2
DA:78,2
DA:92,1
DA:93,0
DA:95,1
DA:100,1
DA:101,1
DA:102,1
DA:112,1
DA:116,1
LF:18
LH:16
BRDA:63,0,0,0
BRDA:63,0,1,2
BRDA:92,1,0,0
BRDA:92,1,1,1
BRF:4
BRH:2
end_of_record
TN:
SF:src\classic\services\ProcessingService.js
FN:34,(anonymous_0)
FN:53,(anonymous_1)
FN:78,(anonymous_2)
FN:104,(anonymous_3)
FN:116,(anonymous_4)
FN:131,(anonymous_5)
FN:141,(anonymous_6)
FN:166,(anonymous_7)
FN:192,(anonymous_8)
FN:204,(anonymous_9)
FN:219,(anonymous_10)
FN:229,(anonymous_11)
FN:254,(anonymous_12)
FN:281,(anonymous_13)
FN:294,(anonymous_14)
FN:309,(anonymous_15)
FN:319,(anonymous_16)
FN:345,(anonymous_17)
FN:371,(anonymous_18)
FN:383,(anonymous_19)
FN:398,(anonymous_20)
FN:408,(anonymous_21)
FN:433,(anonymous_22)
FN:459,(anonymous_23)
FN:472,(anonymous_24)
FN:487,(anonymous_25)
FN:497,(anonymous_26)
FN:522,(anonymous_27)
FN:548,(anonymous_28)
FN:560,(anonymous_29)
FN:575,(anonymous_30)
FN:585,(anonymous_31)
FN:610,(anonymous_32)
FN:636,(anonymous_33)
FN:648,(anonymous_34)
FN:663,(anonymous_35)
FN:673,(anonymous_36)
FN:698,(anonymous_37)
FN:724,(anonymous_38)
FN:736,(anonymous_39)
FN:751,(anonymous_40)
FN:761,(anonymous_41)
FN:786,(anonymous_42)
FN:812,(anonymous_43)
FN:824,(anonymous_44)
FN:839,(anonymous_45)
FN:843,(anonymous_46)
FN:847,(anonymous_47)
FN:860,(anonymous_48)
FNF:49
FNH:49
FNDA:30,(anonymous_0)
FNDA:1,(anonymous_1)
FNDA:1,(anonymous_2)
FNDA:2,(anonymous_3)
FNDA:2,(anonymous_4)
FNDA:2,(anonymous_5)
FNDA:1,(anonymous_6)
FNDA:1,(anonymous_7)
FNDA:2,(anonymous_8)
FNDA:2,(anonymous_9)
FNDA:2,(anonymous_10)
FNDA:1,(anonymous_11)
FNDA:1,(anonymous_12)
FNDA:1,(anonymous_13)
FNDA:1,(anonymous_14)
FNDA:1,(anonymous_15)
FNDA:1,(anonymous_16)
FNDA:1,(anonymous_17)
FNDA:2,(anonymous_18)
FNDA:2,(anonymous_19)
FNDA:2,(anonymous_20)
FNDA:1,(anonymous_21)
FNDA:1,(anonymous_22)
FNDA:1,(anonymous_23)
FNDA:1,(anonymous_24)
FNDA:1,(anonymous_25)
FNDA:1,(anonymous_26)
FNDA:1,(anonymous_27)
FNDA:1,(anonymous_28)
FNDA:1,(anonymous_29)
FNDA:1,(anonymous_30)
FNDA:1,(anonymous_31)
FNDA:1,(anonymous_32)
FNDA:1,(anonymous_33)
FNDA:1,(anonymous_34)
FNDA:1,(anonymous_35)
FNDA:1,(anonymous_36)
FNDA:1,(anonymous_37)
FNDA:1,(anonymous_38)
FNDA:1,(anonymous_39)
FNDA:1,(anonymous_40)
FNDA:1,(anonymous_41)
FNDA:1,(anonymous_42)
FNDA:1,(anonymous_43)
FNDA:1,(anonymous_44)
FNDA:1,(anonymous_45)
FNDA:30,(anonymous_46)
FNDA:2,(anonymous_47)
FNDA:1,(anonymous_48)
DA:35,30
DA:36,30
DA:37,30
DA:38,30
DA:39,30
DA:40,30
DA:41,30
DA:42,30
DA:43,30
DA:44,30
DA:54,1
DA:55,1
DA:56,1
DA:68,1
DA:79,1
DA:80,1
DA:81,1
DA:93,1
DA:105,2
DA:106,2
DA:107,2
DA:117,2
DA:122,2
DA:132,2
DA:142,1
DA:143,1
DA:144,1
DA:156,1
DA:167,1
DA:168,1
DA:169,1
DA:181,1
DA:193,2
DA:194,2
DA:195,2
DA:205,2
DA:210,2
DA:220,2
DA:230,1
DA:231,1
DA:232,1
DA:244,1
DA:255,1
DA:256,1
DA:257,1
DA:270,1
DA:282,1
DA:283,1
DA:284,1
DA:285,1
DA:295,1
DA:300,1
DA:310,1
DA:320,1
DA:321,1
DA:322,1
DA:335,1
DA:346,1
DA:347,1
DA:348,1
DA:360,1
DA:372,2
DA:373,2
DA:374,2
DA:384,2
DA:389,2
DA:399,2
DA:409,1
DA:410,1
DA:411,1
DA:423,1
DA:434,1
DA:435,1
DA:436,1
DA:448,1
DA:460,1
DA:461,1
DA:462,1
DA:463,1
DA:473,1
DA:478,1
DA:488,1
DA:498,1
DA:499,1
DA:500,1
DA:512,1
DA:523,1
DA:524,1
DA:525,1
DA:537,1
DA:549,1
DA:550,1
DA:551,1
DA:561,1
DA:566,1
DA:576,1
DA:586,1
DA:587,1
DA:588,1
DA:600,1
DA:611,1
DA:612,1
DA:613,1
DA:625,1
DA:637,1
DA:638,1
DA:639,1
DA:649,1
DA:654,1
DA:664,1
DA:674,1
DA:675,1
DA:676,1
DA:688,1
DA:699,1
DA:700,1
DA:701,1
DA:713,1
DA:725,1
DA:726,1
DA:727,1
DA:737,1
DA:742,1
DA:752,1
DA:762,1
DA:763,1
DA:764,1
DA:776,1
DA:787,1
DA:788,1
DA:789,1
DA:801,1
DA:813,1
DA:814,1
DA:815,1
DA:825,1
DA:830,1
DA:840,1
DA:844,30
DA:848,2
DA:849,0
DA:851,2
DA:852,1
DA:854,2
DA:855,0
DA:857,2
DA:861,1
DA:862,1
DA:863,1
DA:865,0
DA:866,0
DA:867,0
DA:868,0
DA:869,0
DA:870,0
DA:872,0
DA:873,0
DA:875,1
DA:879,1
LF:159
LH:149
BRDA:844,0,0,0
BRDA:844,0,1,30
BRDA:848,1,0,0
BRDA:848,1,1,2
BRDA:851,2,0,1
BRDA:851,2,1,1
BRDA:854,3,0,0
BRDA:854,3,1,2
BRDA:862,4,0,1
BRDA:862,4,1,0
BRF:10
BRH:6
end_of_record
TN:
SF:src\common\REST.js
FNF:0
FNH:0
DA:14,1
DA:30,1
DA:48,1
DA:86,1
DA:105,1
DA:122,1
DA:152,1
DA:171,1
DA:188,1
DA:227,1
DA:257,1
DA:281,1
DA:304,1
DA:342,1
DA:361,1
DA:379,1
DA:403,1
DA:427,1
DA:493,1
DA:528,1
DA:550,1
DA:572,1
DA:598,1
DA:617,1
DA:641,1
DA:663,1
DA:682,1
DA:706,1
DA:721,1
DA:747,1
DA:768,1
DA:784,1
DA:800,1
DA:818,1
DA:837,1
DA:858,1
DA:878,1
DA:900,1
DA:915,1
DA:935,1
DA:955,1
DA:979,1
DA:1011,1
DA:1031,1
DA:1049,1
DA:1067,1
DA:1083,1
DA:1107,1
DA:1133,1
DA:1148,1
DA:1175,1
DA:1197,1
DA:1220,1
DA:1235,1
DA:1261,1
DA:1274,1
DA:1294,1
DA:1316,1
DA:1333,1
DA:1358,1
DA:1377,1
DA:1394,1
DA:1417,1
DA:1434,1
DA:1457,1
DA:1480,1
DA:1519,1
DA:1536,1
DA:1557,1
DA:1576,1
LF:70
LH:70
BRF:0
BRH:0
end_of_record
TN:
SF:src\common\SuperMap.js
FNF:0
FNH:0
DA:4,1
DA:5,1
LF:2
LH:2
BRDA:4,0,0,1
BRDA:4,0,1,0
BRDA:5,1,0,1
BRDA:5,1,1,1
BRF:4
BRH:3
end_of_record
TN:
SF:src\common\index.js
FNF:0
FNH:0
LF:0
LH:0
BRF:0
BRH:0
end_of_record
TN:
SF:src\common\commontypes\BaseTypes.js
FN:17,(anonymous_0)
FN:18,(anonymous_1)
FN:39,(anonymous_2)
FN:42,(anonymous_3)
FN:57,copyProperties
FN:94,(anonymous_5)
FN:105,(anonymous_6)
FN:115,(anonymous_7)
FN:127,(anonymous_8)
FN:174,(anonymous_9)
FN:182,(anonymous_10)
FN:244,(anonymous_11)
FN:253,(anonymous_12)
FN:289,(anonymous_13)
FN:306,(anonymous_14)
FN:353,(anonymous_15)
FN:373,(anonymous_16)
FN:376,(anonymous_17)
FN:393,(anonymous_18)
FN:394,(anonymous_19)
FN:406,(anonymous_20)
FN:417,(anonymous_21)
FN:426,(anonymous_22)
FN:450,(anonymous_23)
FNF:24
FNH:17
FNDA:0,(anonymous_0)
FNDA:0,(anonymous_1)
FNDA:2,(anonymous_2)
FNDA:22654,(anonymous_3)
FNDA:45320,copyProperties
FNDA:1,(anonymous_5)
FNDA:13,(anonymous_6)
FNDA:52,(anonymous_7)
FNDA:1,(anonymous_8)
FNDA:27,(anonymous_9)
FNDA:26,(anonymous_10)
FNDA:3,(anonymous_11)
FNDA:1,(anonymous_12)
FNDA:2,(anonymous_13)
FNDA:3,(anonymous_14)
FNDA:0,(anonymous_15)
FNDA:788,(anonymous_16)
FNDA:762,(anonymous_17)
FNDA:110,(anonymous_18)
FNDA:0,(anonymous_19)
FNDA:0,(anonymous_20)
FNDA:0,(anonymous_21)
FNDA:0,(anonymous_22)
FNDA:1,(anonymous_23)
DA:17,1
DA:18,0
DA:20,0
DA:21,0
DA:23,0
DA:24,0
DA:25,0
DA:26,0
DA:28,0
DA:39,1
DA:43,22654
DA:44,45308
DA:49,2
DA:50,4
DA:51,4
DA:52,4
DA:53,4
DA:55,2
DA:58,45320
DA:59,45320
DA:60,45320
DA:62,45320
DA:63,203942
DA:64,203942
DA:67,203926
DA:68,203926
DA:69,0
DA:71,203926
DA:85,1
DA:95,1
DA:106,13
DA:116,52
DA:128,1
DA:129,1
DA:130,1
DA:131,1
DA:132,1
DA:134,1
DA:175,27
DA:176,1
DA:182,27
DA:189,26
DA:190,26
DA:191,27
DA:192,26
DA:195,27
DA:198,26
DA:199,0
DA:208,26
DA:209,0
DA:211,26
DA:215,27
DA:245,3
DA:254,1
DA:266,1
DA:290,2
DA:291,2
DA:292,2
DA:294,2
DA:307,3
DA:308,3
DA:310,3
DA:313,3
DA:314,2
DA:317,3
DA:318,3
DA:320,1
DA:323,3
DA:324,3
DA:325,3
DA:326,3
DA:327,2
DA:332,3
DA:333,2
DA:335,1
DA:336,1
DA:337,1
DA:339,1
DA:341,3
DA:345,1
DA:353,0
DA:354,0
DA:365,1
DA:375,788
DA:376,788
DA:379,762
DA:382,762
DA:394,110
DA:395,0
DA:407,0
DA:418,0
DA:438,1
DA:451,1
DA:452,1
DA:453,1
DA:455,0
DA:456,0
DA:457,0
DA:459,0
DA:460,0
DA:461,0
DA:462,0
DA:463,0
DA:468,1
LF:104
LH:80
BRDA:25,0,0,0
BRDA:25,0,1,0
BRDA:59,1,0,45320
BRDA:59,1,1,0
BRDA:64,2,0,203926
BRDA:64,2,1,16
BRDA:64,3,0,203942
BRDA:64,3,1,203938
BRDA:64,3,2,203934
BRDA:64,3,3,203930
BRDA:68,4,0,0
BRDA:68,4,1,203926
BRDA:69,5,0,0
BRDA:69,5,1,0
BRDA:175,6,0,1
BRDA:175,6,1,26
BRDA:191,7,0,26
BRDA:191,7,1,1
BRDA:198,8,0,0
BRDA:198,8,1,26
BRDA:199,9,0,0
BRDA:199,9,1,0
BRDA:208,10,0,0
BRDA:208,10,1,26
BRDA:254,11,0,1
BRDA:254,11,1,0
BRDA:291,12,0,2
BRDA:291,12,1,0
BRDA:307,13,0,3
BRDA:307,13,1,0
BRDA:308,14,0,3
BRDA:308,14,1,0
BRDA:310,15,0,3
BRDA:310,15,1,0
BRDA:313,16,0,2
BRDA:313,16,1,1
BRDA:318,17,0,1
BRDA:318,17,1,2
BRDA:318,18,0,3
BRDA:318,18,1,2
BRDA:324,19,0,3
BRDA:324,19,1,0
BRDA:332,20,0,2
BRDA:332,20,1,1
BRDA:335,21,0,1
BRDA:335,21,1,0
BRDA:336,22,0,1
BRDA:336,22,1,0
BRDA:345,23,0,0
BRDA:345,23,1,1
BRDA:395,24,0,0
BRDA:395,24,1,0
BRDA:452,25,0,1
BRDA:452,25,1,0
BRDA:456,26,0,0
BRDA:456,26,1,0
BRDA:460,27,0,0
BRDA:460,27,1,0
BRDA:462,28,0,0
BRDA:462,28,1,0
BRF:60
BRH:32
end_of_record
TN:
SF:src\common\commontypes\Bounds.js
FN:28,(anonymous_0)
FN:75,(anonymous_1)
FN:90,(anonymous_2)
FN:109,(anonymous_3)
FN:126,(anonymous_4)
FN:150,(anonymous_5)
FN:195,(anonymous_6)
FN:208,(anonymous_7)
FN:220,(anonymous_8)
FN:232,(anonymous_9)
FN:245,(anonymous_10)
FN:264,(anonymous_11)
FN:300,(anonymous_12)
FN:317,(anonymous_13)
FN:381,(anonymous_14)
FN:413,(anonymous_15)
FN:429,(anonymous_16)
FN:471,(anonymous_17)
FN:547,(anonymous_18)
FN:575,(anonymous_19)
FN:602,(anonymous_20)
FN:644,(anonymous_21)
FN:665,(anonymous_22)
FN:683,(anonymous_23)
FN:697,(anonymous_24)
FN:711,(anonymous_25)
FN:724,(anonymous_26)
FNF:27
FNH:27
FNDA:100412,(anonymous_0)
FNDA:877,(anonymous_1)
FNDA:1,(anonymous_2)
FNDA:41,(anonymous_3)
FNDA:2,(anonymous_4)
FNDA:26,(anonymous_5)
FNDA:44,(anonymous_6)
FNDA:35,(anonymous_7)
FNDA:1,(anonymous_8)
FNDA:1,(anonymous_9)
FNDA:10681,(anonymous_10)
FNDA:2,(anonymous_11)
FNDA:2,(anonymous_12)
FNDA:11157,(anonymous_13)
FNDA:5,(anonymous_14)
FNDA:1,(anonymous_15)
FNDA:851,(anonymous_16)
FNDA:5464,(anonymous_17)
FNDA:8,(anonymous_18)
FNDA:1,(anonymous_19)
FNDA:4,(anonymous_20)
FNDA:1,(anonymous_21)
FNDA:22,(anonymous_22)
FNDA:1,(anonymous_23)
FNDA:1,(anonymous_24)
FNDA:1,(anonymous_25)
FNDA:1,(anonymous_26)
DA:29,100412
DA:30,7
DA:31,7
DA:32,7
DA:33,7
DA:39,100412
DA:45,100412
DA:51,100412
DA:57,100412
DA:63,100412
DA:64,100412
DA:76,877
DA:91,1
DA:92,1
DA:93,1
DA:98,1
DA:110,41
DA:127,2
DA:128,1
DA:130,1
DA:151,26
DA:152,24
DA:154,26
DA:155,26
DA:156,26
DA:157,26
DA:158,26
DA:159,26
DA:160,1
DA:162,25
DA:196,44
DA:209,35
DA:221,1
DA:233,1
DA:246,10681
DA:247,9778
DA:251,10681
DA:265,2
DA:266,2
DA:267,1
DA:273,2
DA:274,1
DA:275,1
DA:277,1
DA:278,1
DA:281,2
DA:282,2
DA:283,2
DA:284,2
DA:286,2
DA:301,2
DA:302,0
DA:304,2
DA:318,11157
DA:319,11157
DA:321,11157
DA:323,1
DA:325,1
DA:327,1
DA:329,1
DA:332,11155
DA:333,11155
DA:336,11157
DA:337,11157
DA:338,11157
DA:339,3334
DA:341,11157
DA:342,4315
DA:344,11157
DA:345,2586
DA:347,11157
DA:348,1955
DA:382,5
DA:383,1
DA:385,5
DA:386,5
DA:387,5
DA:389,5
DA:390,1
DA:391,1
DA:393,1
DA:394,1
DA:399,5
DA:414,1
DA:431,851
DA:432,814
DA:435,851
DA:436,1
DA:442,850
DA:443,850
DA:444,849
DA:447,1
DA:450,850
DA:472,5464
DA:473,9
DA:475,5464
DA:476,5464
DA:477,2
DA:478,2
DA:480,5462
DA:482,5464
DA:483,5452
DA:485,5464
DA:487,5464
DA:495,5464
DA:499,5462
DA:503,5462
DA:507,5462
DA:511,5462
DA:514,5462
DA:517,5464
DA:518,2
DA:519,2
DA:520,2
DA:521,2
DA:522,2
DA:523,1
DA:524,1
DA:525,1
DA:526,0
DA:527,0
DA:530,5464
DA:548,8
DA:549,8
DA:551,8
DA:552,8
DA:554,8
DA:555,8
DA:556,8
DA:557,8
DA:559,8
DA:577,1
DA:578,1
DA:580,1
DA:581,1
DA:583,1
DA:603,4
DA:605,4
DA:606,4
DA:608,4
DA:610,4
DA:611,4
DA:614,4
DA:616,0
DA:620,4
DA:622,0
DA:626,4
DA:627,4
DA:629,0
DA:633,4
DA:645,1
DA:653,1
DA:666,22
DA:667,22
DA:668,22
DA:669,22
DA:670,22
DA:684,1
DA:685,1
DA:698,1
DA:712,1
DA:725,1
DA:727,1
DA:728,1
DA:730,1
DA:735,1
LF:166
LH:160
BRDA:29,0,0,7
BRDA:29,0,1,100405
BRDA:39,1,0,99554
BRDA:39,1,1,858
BRDA:45,2,0,99554
BRDA:45,2,1,858
BRDA:51,3,0,99553
BRDA:51,3,1,859
BRDA:57,4,0,99553
BRDA:57,4,1,859
BRDA:92,5,0,1
BRDA:92,5,1,0
BRDA:93,6,0,1
BRDA:93,6,1,1
BRDA:93,6,2,1
BRDA:93,6,3,1
BRDA:127,7,0,1
BRDA:127,7,1,1
BRDA:151,8,0,24
BRDA:151,8,1,2
BRDA:159,9,0,1
BRDA:159,9,1,25
BRDA:246,10,0,9778
BRDA:246,10,1,903
BRDA:265,11,0,2
BRDA:265,11,1,0
BRDA:266,12,0,1
BRDA:266,12,1,1
BRDA:273,13,0,1
BRDA:273,13,1,1
BRDA:301,14,0,0
BRDA:301,14,1,2
BRDA:301,15,0,2
BRDA:301,15,1,2
BRDA:319,16,0,11157
BRDA:319,16,1,0
BRDA:321,17,0,1
BRDA:321,17,1,1
BRDA:321,17,2,11155
BRDA:336,18,0,11157
BRDA:336,18,1,0
BRDA:338,19,0,3334
BRDA:338,19,1,7823
BRDA:338,20,0,11157
BRDA:338,20,1,10303
BRDA:341,21,0,4315
BRDA:341,21,1,6842
BRDA:341,22,0,11157
BRDA:341,22,1,10303
BRDA:344,23,0,2586
BRDA:344,23,1,8571
BRDA:344,24,0,11157
BRDA:344,24,1,10303
BRDA:347,25,0,1955
BRDA:347,25,1,9202
BRDA:347,26,0,11157
BRDA:347,26,1,10303
BRDA:382,27,0,1
BRDA:382,27,1,4
BRDA:385,28,0,5
BRDA:385,28,1,0
BRDA:389,29,0,1
BRDA:389,29,1,4
BRDA:389,30,0,5
BRDA:389,30,1,1
BRDA:431,31,0,814
BRDA:431,31,1,37
BRDA:435,32,0,1
BRDA:435,32,1,850
BRDA:435,33,0,851
BRDA:435,33,1,850
BRDA:443,34,0,849
BRDA:443,34,1,1
BRDA:444,35,0,849
BRDA:444,35,1,761
BRDA:444,35,2,709
BRDA:444,35,3,287
BRDA:447,36,0,1
BRDA:447,36,1,1
BRDA:447,36,2,0
BRDA:447,36,3,0
BRDA:472,37,0,9
BRDA:472,37,1,5455
BRDA:475,38,0,5464
BRDA:475,38,1,5452
BRDA:476,39,0,2
BRDA:476,39,1,5462
BRDA:482,40,0,5452
BRDA:482,40,1,12
BRDA:487,41,0,5464
BRDA:487,41,1,5464
BRDA:487,41,2,5462
BRDA:487,41,3,5462
BRDA:495,42,0,5462
BRDA:495,42,1,2
BRDA:495,43,0,5464
BRDA:495,43,1,12
BRDA:499,44,0,5462
BRDA:499,44,1,5452
BRDA:499,44,2,11
BRDA:499,44,3,10
BRDA:503,45,0,5462
BRDA:503,45,1,5461
BRDA:503,45,2,8
BRDA:503,45,3,7
BRDA:507,46,0,5462
BRDA:507,46,1,5450
BRDA:507,46,2,86
BRDA:507,46,3,12
BRDA:511,47,0,5462
BRDA:511,47,1,5460
BRDA:511,47,2,85
BRDA:511,47,3,11
BRDA:514,48,0,5462
BRDA:514,48,1,2
BRDA:514,48,2,5460
BRDA:514,48,3,74
BRDA:517,49,0,2
BRDA:517,49,1,5462
BRDA:517,50,0,5464
BRDA:517,50,1,2
BRDA:522,51,0,1
BRDA:522,51,1,1
BRDA:522,52,0,2
BRDA:522,52,1,1
BRDA:525,53,0,0
BRDA:525,53,1,1
BRDA:525,54,0,1
BRDA:525,54,1,0
BRDA:548,55,0,8
BRDA:548,55,1,0
BRDA:551,56,0,8
BRDA:551,56,1,0
BRDA:559,57,0,0
BRDA:559,57,1,8
BRDA:559,58,0,0
BRDA:559,58,1,0
BRDA:559,58,2,0
BRDA:559,58,3,0
BRDA:560,59,0,8
BRDA:560,59,1,3
BRDA:560,59,2,3
BRDA:560,59,3,3
BRDA:580,60,0,0
BRDA:580,60,1,1
BRDA:581,61,0,0
BRDA:581,61,1,1
BRDA:603,62,0,4
BRDA:603,62,1,4
BRDA:605,63,0,4
BRDA:605,63,1,4
BRDA:606,64,0,4
BRDA:606,64,1,4
BRDA:610,65,0,4
BRDA:610,65,1,0
BRDA:614,66,0,4
BRDA:614,66,1,1
BRDA:620,67,0,4
BRDA:620,67,1,1
BRDA:627,68,0,0
BRDA:627,68,1,4
BRDA:627,69,0,4
BRDA:627,69,1,3
BRDA:627,69,2,1
BRDA:698,70,0,0
BRDA:698,70,1,1
BRDA:727,71,0,1
BRDA:727,71,1,0
BRDA:728,72,0,1
BRDA:728,72,1,0
BRF:170
BRH:146
end_of_record
TN:
SF:src\common\commontypes\Credential.js
FN:22,(anonymous_0)
FN:46,(anonymous_1)
FN:61,(anonymous_2)
FN:73,(anonymous_3)
FNF:4
FNH:2
FNDA:174,(anonymous_0)
FNDA:174,(anonymous_1)
FNDA:0,(anonymous_2)
FNDA:0,(anonymous_3)
DA:28,174
DA:34,174
DA:35,174
DA:48,174
DA:62,0
DA:74,0
DA:75,0
DA:94,1
DA:95,1
LF:9
LH:6
BRDA:28,0,0,174
BRDA:28,0,1,0
BRDA:34,1,0,174
BRDA:34,1,1,0
BRF:4
BRH:2
end_of_record
TN:
SF:src\common\commontypes\Date.js
FN:22,(anonymous_0)
FN:25,(anonymous_1)
FN:29,pad
FN:37,(anonymous_3)
FN:66,(anonymous_4)
FNF:5
FNH:3
FNDA:1,(anonymous_0)
FNDA:2,(anonymous_1)
FNDA:0,pad
FNDA:0,(anonymous_3)
FNDA:2,(anonymous_4)
DA:13,1
DA:24,1
DA:25,1
DA:26,2
DA:30,0
DA:31,0
DA:32,0
DA:34,0
DA:37,0
DA:39,0
DA:42,0
DA:44,0
DA:53,0
DA:68,2
DA:69,2
DA:70,1
DA:71,1
DA:72,1
DA:73,1
DA:75,1
DA:76,1
DA:77,1
DA:78,1
DA:79,1
DA:80,1
DA:81,1
DA:82,1
DA:84,1
DA:85,1
DA:86,1
DA:87,1
DA:88,1
DA:92,1
DA:94,2
LF:34
LH:25
BRDA:24,0,0,1
BRDA:24,0,1,0
BRDA:39,1,0,0
BRDA:39,1,1,0
BRDA:69,2,0,1
BRDA:69,2,1,1
BRDA:69,3,0,2
BRDA:69,3,1,1
BRDA:69,3,2,0
BRDA:70,4,0,1
BRDA:70,4,1,0
BRDA:71,5,0,1
BRDA:71,5,1,0
BRDA:72,6,0,1
BRDA:72,6,1,0
BRDA:76,7,0,1
BRDA:76,7,1,0
BRDA:84,8,0,1
BRDA:84,8,1,0
BRDA:86,9,0,1
BRDA:86,9,1,1
BRF:21
BRH:12
end_of_record
TN:
SF:src\common\commontypes\Event.js
FN:98,(anonymous_0)
FN:107,(anonymous_1)
FN:116,(anonymous_2)
FN:125,(anonymous_3)
FN:135,(anonymous_4)
FN:145,(anonymous_5)
FN:167,(anonymous_6)
FN:183,(anonymous_7)
FN:242,(anonymous_8)
FN:254,(anonymous_9)
FN:273,(anonymous_10)
FN:326,(anonymous_11)
FNF:12
FNH:5
FNDA:0,(anonymous_0)
FNDA:0,(anonymous_1)
FNDA:0,(anonymous_2)
FNDA:0,(anonymous_3)
FNDA:0,(anonymous_4)
FNDA:208,(anonymous_5)
FNDA:0,(anonymous_6)
FNDA:427,(anonymous_7)
FNDA:19,(anonymous_8)
FNDA:19,(anonymous_9)
FNDA:323,(anonymous_10)
FNDA:0,(anonymous_11)
DA:13,1
DA:99,0
DA:108,0
DA:117,0
DA:126,0
DA:136,0
DA:147,208
DA:148,0
DA:149,0
DA:151,0
DA:155,208
DA:156,0
DA:158,208
DA:168,0
DA:169,0
DA:171,0
DA:173,0
DA:184,427
DA:185,427
DA:187,427
DA:190,0
DA:194,427
DA:195,1
DA:199,427
DA:200,30
DA:201,30
DA:202,29
DA:204,30
DA:207,427
DA:210,427
DA:211,31
DA:215,427
DA:223,427
DA:224,427
DA:226,2
DA:228,425
DA:230,0
DA:231,0
DA:243,19
DA:244,19
DA:246,19
DA:255,19
DA:256,19
DA:257,323
DA:258,323
DA:259,323
DA:274,323
DA:276,323
DA:277,323
DA:279,323
DA:280,0
DA:282,0
DA:287,323
DA:288,323
DA:289,323
DA:292,323
DA:293,323
DA:294,3743
DA:296,3743
DA:300,323
DA:301,323
DA:302,19
DA:304,323
DA:305,323
DA:307,3420
DA:312,323
DA:313,323
DA:314,323
DA:315,0
DA:316,0
DA:319,323
DA:330,0
DA:331,0
DA:332,0
DA:333,0
DA:336,0
DA:342,1
DA:344,1
LF:78
LH:53
BRDA:99,0,0,0
BRDA:99,0,1,0
BRDA:108,1,0,0
BRDA:108,1,1,0
BRDA:117,2,0,0
BRDA:117,2,1,0
BRDA:126,3,0,0
BRDA:126,3,1,0
BRDA:126,3,2,0
BRDA:126,3,3,0
BRDA:136,4,0,0
BRDA:136,4,1,0
BRDA:136,4,2,0
BRDA:136,4,3,0
BRDA:147,5,0,0
BRDA:147,5,1,208
BRDA:148,6,0,0
BRDA:148,6,1,0
BRDA:155,7,0,0
BRDA:155,7,1,208
BRDA:169,8,0,0
BRDA:169,8,1,0
BRDA:169,8,2,0
BRDA:185,9,0,427
BRDA:185,9,1,427
BRDA:187,10,0,0
BRDA:187,10,1,427
BRDA:187,11,0,427
BRDA:187,11,1,0
BRDA:187,11,2,0
BRDA:194,12,0,1
BRDA:194,12,1,426
BRDA:199,13,0,30
BRDA:199,13,1,397
BRDA:201,14,0,29
BRDA:201,14,1,1
BRDA:210,15,0,31
BRDA:210,15,1,396
BRDA:223,16,0,427
BRDA:223,16,1,0
BRDA:224,17,0,2
BRDA:224,17,1,425
BRDA:230,18,0,0
BRDA:230,18,1,0
BRDA:255,19,0,19
BRDA:255,19,1,0
BRDA:274,20,0,323
BRDA:274,20,1,323
BRDA:279,21,0,0
BRDA:279,21,1,323
BRDA:280,22,0,0
BRDA:280,22,1,0
BRDA:280,23,0,0
BRDA:280,23,1,0
BRDA:289,24,0,323
BRDA:289,24,1,0
BRDA:293,25,0,3743
BRDA:293,25,1,3743
BRDA:296,26,0,323
BRDA:296,26,1,3420
BRDA:296,27,0,3743
BRDA:296,27,1,323
BRDA:296,27,2,323
BRDA:301,28,0,19
BRDA:301,28,1,304
BRDA:312,29,0,323
BRDA:312,29,1,0
BRDA:313,30,0,323
BRDA:313,30,1,0
BRDA:315,31,0,0
BRDA:315,31,1,0
BRDA:315,32,0,0
BRDA:315,32,1,0
BRDA:330,33,0,0
BRDA:330,33,1,0
BRDA:330,34,0,0
BRDA:330,34,1,0
BRF:77
BRH:33
end_of_record
TN:
SF:src\common\commontypes\Events.js
FN:22,(anonymous_0)
FN:163,(anonymous_1)
FN:192,(anonymous_2)
FN:204,(anonymous_3)
FN:259,(anonymous_4)
FN:277,(anonymous_5)
FN:312,(anonymous_6)
FN:340,(anonymous_7)
FN:355,(anonymous_8)
FN:376,(anonymous_9)
FN:389,(anonymous_10)
FN:435,(anonymous_11)
FN:467,(anonymous_12)
FN:482,(anonymous_13)
FNF:14
FNH:10
FNDA:1150,(anonymous_0)
FNDA:346,(anonymous_1)
FNDA:3081,(anonymous_2)
FNDA:13,(anonymous_3)
FNDA:973,(anonymous_4)
FNDA:2199,(anonymous_5)
FNDA:70,(anonymous_6)
FNDA:0,(anonymous_7)
FNDA:1,(anonymous_8)
FNDA:0,(anonymous_9)
FNDA:1822,(anonymous_10)
FNDA:0,(anonymous_11)
FNDA:2,(anonymous_12)
FNDA:0,(anonymous_13)
DA:35,1150
DA:50,1150
DA:56,1150
DA:62,1150
DA:68,1150
DA:74,1150
DA:80,1150
DA:93,1150
DA:133,1150
DA:138,1150
DA:142,1150
DA:144,1150
DA:146,1150
DA:147,1150
DA:148,2748
DA:152,1150
DA:153,13
DA:156,1150
DA:164,346
DA:165,0
DA:166,0
DA:169,346
DA:170,346
DA:171,11
DA:172,11
DA:173,0
DA:178,346
DA:180,346
DA:181,346
DA:182,346
DA:183,346
DA:184,346
DA:193,3081
DA:194,3077
DA:195,3077
DA:205,13
DA:206,0
DA:210,13
DA:215,13
DA:219,13
DA:220,13
DA:221,312
DA:225,312
DA:228,312
DA:231,13
DA:260,973
DA:261,2612
DA:262,2100
DA:278,2199
DA:279,0
DA:281,2199
DA:284,2177
DA:285,832
DA:287,2177
DA:288,2177
DA:289,0
DA:290,0
DA:291,0
DA:293,2177
DA:294,2177
DA:295,70
DA:296,70
DA:297,0
DA:300,2107
DA:313,70
DA:341,0
DA:342,0
DA:343,0
DA:356,1
DA:357,0
DA:359,1
DA:360,1
DA:361,1
DA:362,0
DA:363,0
DA:364,0
DA:377,0
DA:378,0
DA:390,1822
DA:393,1822
DA:394,804
DA:398,1018
DA:399,21
DA:401,1018
DA:402,1018
DA:403,1018
DA:404,972
DA:410,1018
DA:412,1018
DA:413,1061
DA:415,1061
DA:417,1061
DA:419,0
DA:423,1018
DA:424,208
DA:426,1018
DA:436,0
DA:437,0
DA:439,0
DA:442,0
DA:443,0
DA:444,0
DA:445,0
DA:446,0
DA:448,0
DA:449,0
DA:450,0
DA:451,0
DA:453,0
DA:454,0
DA:456,0
DA:457,0
DA:459,0
DA:468,2
DA:469,2
DA:470,2
DA:471,2
DA:473,2
DA:483,0
DA:484,0
DA:485,0
DA:486,0
DA:487,0
DA:490,0
DA:491,0
DA:492,0
DA:498,0
DA:499,0
DA:505,0
DA:506,0
DA:509,0
DA:519,1
DA:520,1
LF:133
LH:84
BRDA:146,0,0,1150
BRDA:146,0,1,0
BRDA:152,1,0,13
BRDA:152,1,1,1137
BRDA:165,2,0,0
BRDA:165,2,1,0
BRDA:170,3,0,11
BRDA:170,3,1,335
BRDA:172,4,0,0
BRDA:172,4,1,11
BRDA:193,5,0,3077
BRDA:193,5,1,4
BRDA:205,6,0,0
BRDA:205,6,1,13
BRDA:261,7,0,2100
BRDA:261,7,1,512
BRDA:261,8,0,2612
BRDA:261,8,1,2100
BRDA:278,9,0,0
BRDA:278,9,1,2199
BRDA:278,10,0,2199
BRDA:278,10,1,0
BRDA:281,11,0,2177
BRDA:281,11,1,22
BRDA:281,12,0,2199
BRDA:281,12,1,2188
BRDA:284,13,0,832
BRDA:284,13,1,1345
BRDA:288,14,0,0
BRDA:288,14,1,2177
BRDA:294,15,0,70
BRDA:294,15,1,2107
BRDA:296,16,0,0
BRDA:296,16,1,70
BRDA:296,17,0,70
BRDA:296,17,1,0
BRDA:342,18,0,0
BRDA:342,18,1,0
BRDA:342,19,0,0
BRDA:342,19,1,0
BRDA:356,20,0,0
BRDA:356,20,1,1
BRDA:360,21,0,1
BRDA:360,21,1,0
BRDA:362,22,0,0
BRDA:362,22,1,0
BRDA:362,23,0,0
BRDA:362,23,1,0
BRDA:377,24,0,0
BRDA:377,24,1,0
BRDA:393,25,0,804
BRDA:393,25,1,1018
BRDA:393,26,0,1822
BRDA:393,26,1,1822
BRDA:398,27,0,21
BRDA:398,27,1,997
BRDA:403,28,0,972
BRDA:403,28,1,46
BRDA:417,29,0,0
BRDA:417,29,1,1061
BRDA:417,30,0,1061
BRDA:417,30,1,0
BRDA:423,31,0,208
BRDA:423,31,1,810
BRDA:437,32,0,0
BRDA:437,32,1,0
BRDA:437,33,0,0
BRDA:437,33,1,0
BRDA:443,34,0,0
BRDA:443,34,1,0
BRDA:443,35,0,0
BRDA:443,35,1,0
BRDA:456,36,0,0
BRDA:456,36,1,0
BRDA:471,37,0,2
BRDA:471,37,1,0
BRDA:471,38,0,2
BRDA:471,38,1,2
BRDA:471,39,0,2
BRDA:471,39,1,2
BRDA:471,39,2,0
BRDA:483,40,0,0
BRDA:483,40,1,0
BRDA:485,41,0,0
BRDA:485,41,1,0
BRDA:490,42,0,0
BRDA:490,42,1,0
BRDA:498,43,0,0
BRDA:498,43,1,0
BRDA:500,44,0,0
BRDA:500,44,1,0
BRDA:501,45,0,0
BRDA:501,45,1,0
BRDA:505,46,0,0
BRDA:505,46,1,0
BRF:95
BRH:45
end_of_record
TN:
SF:src\common\commontypes\Feature.js
FN:18,(anonymous_0)
FN:52,(anonymous_1)
FNF:2
FNH:2
FNDA:17857,(anonymous_0)
FNDA:49,(anonymous_1)
DA:19,17857
DA:25,17857
DA:31,17857
DA:38,17857
DA:44,17857
DA:53,49
DA:54,49
DA:55,49
DA:59,1
LF:9
LH:9
BRDA:44,0,0,17780
BRDA:44,0,1,77
BRF:2
BRH:2
end_of_record
TN:
SF:src\common\commontypes\Geometry.js
FN:17,(anonymous_0)
FN:56,(anonymous_1)
FN:68,(anonymous_2)
FN:78,(anonymous_3)
FN:90,(anonymous_4)
FN:105,(anonymous_5)
FN:120,(anonymous_6)
FN:132,(anonymous_7)
FN:144,(anonymous_8)
FN:152,(anonymous_9)
FNF:10
FNH:6
FNDA:168644,(anonymous_0)
FNDA:73,(anonymous_1)
FNDA:0,(anonymous_2)
FNDA:854,(anonymous_3)
FNDA:93146,(anonymous_4)
FNDA:0,(anonymous_5)
FNDA:22250,(anonymous_6)
FNDA:0,(anonymous_7)
FNDA:0,(anonymous_8)
FNDA:2,(anonymous_9)
DA:18,168644
DA:24,168644
DA:31,168644
DA:38,168644
DA:48,168644
DA:57,73
DA:58,73
DA:59,73
DA:69,0
DA:79,854
DA:80,854
DA:91,93146
DA:92,93146
DA:93,0
DA:106,0
DA:107,0
DA:108,0
DA:110,0
DA:121,22250
DA:122,11868
DA:124,22250
DA:155,2
DA:176,1
LF:23
LH:17
BRDA:79,0,0,854
BRDA:79,0,1,0
BRDA:92,1,0,0
BRDA:92,1,1,93146
BRDA:107,2,0,0
BRDA:107,2,1,0
BRDA:121,3,0,11868
BRDA:121,3,1,10382
BRF:8
BRH:4
end_of_record
TN:
SF:src\common\commontypes\LonLat.js
FN:19,(anonymous_0)
FN:46,(anonymous_1)
FN:58,(anonymous_2)
FN:70,(anonymous_3)
FN:85,(anonymous_4)
FN:104,(anonymous_5)
FN:126,(anonymous_6)
FN:154,(anonymous_7)
FN:168,(anonymous_8)
FN:179,(anonymous_9)
FNF:10
FNH:10
FNDA:9979,(anonymous_0)
FNDA:2,(anonymous_1)
FNDA:1,(anonymous_2)
FNDA:5,(anonymous_3)
FNDA:1,(anonymous_4)
FNDA:3,(anonymous_5)
FNDA:2,(anonymous_6)
FNDA:13,(anonymous_7)
FNDA:1,(anonymous_8)
FNDA:1,(anonymous_9)
DA:20,9979
DA:21,1
DA:22,1
DA:28,9979
DA:34,9979
DA:35,9979
DA:47,2
DA:59,1
DA:71,5
DA:86,1
DA:87,0
DA:89,1
DA:105,3
DA:106,3
DA:107,3
DA:110,3
DA:128,2
DA:130,2
DA:132,2
DA:133,1
DA:137,2
DA:138,1
DA:142,2
DA:155,13
DA:156,13
DA:169,1
DA:170,1
DA:180,1
DA:181,1
DA:182,1
DA:183,1
LF:31
LH:30
BRDA:20,0,0,1
BRDA:20,0,1,9978
BRDA:28,1,0,9961
BRDA:28,1,1,18
BRDA:34,2,0,9962
BRDA:34,2,1,17
BRDA:86,3,0,0
BRDA:86,3,1,1
BRDA:86,4,0,1
BRDA:86,4,1,1
BRDA:106,5,0,3
BRDA:106,5,1,0
BRDA:107,6,0,3
BRDA:107,6,1,2
BRDA:107,6,2,1
BRDA:107,6,3,0
BRDA:107,6,4,0
BRDA:107,6,5,0
BRDA:130,7,0,2
BRDA:130,7,1,0
BRDA:181,8,0,1
BRDA:181,8,1,1
BRDA:182,9,0,1
BRDA:182,9,1,1
BRF:24
BRH:18
end_of_record
TN:
SF:src\common\commontypes\Pixel.js
FN:25,(anonymous_0)
FN:73,(anonymous_1)
FN:85,(anonymous_2)
FN:100,(anonymous_3)
FN:120,(anonymous_4)
FN:139,(anonymous_5)
FN:158,(anonymous_6)
FN:174,(anonymous_7)
FNF:8
FNH:8
FNDA:24084,(anonymous_0)
FNDA:1,(anonymous_1)
FNDA:10,(anonymous_2)
FNDA:1,(anonymous_3)
FNDA:1,(anonymous_4)
FNDA:16,(anonymous_5)
FNDA:1,(anonymous_6)
FNDA:9,(anonymous_7)
DA:30,24084
DA:36,24084
DA:42,24084
DA:43,24084
DA:51,24084
DA:74,1
DA:86,10
DA:101,1
DA:102,1
DA:103,1
DA:106,1
DA:121,1
DA:140,16
DA:141,0
DA:143,16
DA:159,1
DA:160,1
DA:161,1
DA:163,1
DA:175,9
DA:176,9
DA:177,9
DA:181,1
LF:23
LH:22
BRDA:30,0,0,24081
BRDA:30,0,1,3
BRDA:36,1,0,24081
BRDA:36,1,1,3
BRDA:102,2,0,1
BRDA:102,2,1,0
BRDA:103,3,0,1
BRDA:103,3,1,1
BRDA:103,3,2,0
BRDA:103,3,3,0
BRDA:103,3,4,0
BRDA:103,3,5,0
BRDA:140,4,0,0
BRDA:140,4,1,16
BRDA:140,5,0,16
BRDA:140,5,1,16
BRDA:160,6,0,1
BRDA:160,6,1,0
BRF:18
BRH:11
end_of_record
TN:
SF:src\common\commontypes\Size.js
FN:18,(anonymous_0)
FN:42,(anonymous_1)
FN:55,(anonymous_2)
FN:73,(anonymous_3)
FN:90,(anonymous_4)
FNF:5
FNH:3
FNDA:59,(anonymous_0)
FNDA:0,(anonymous_1)
FNDA:41,(anonymous_2)
FNDA:2,(anonymous_3)
FNDA:0,(anonymous_4)
DA:23,59
DA:29,59
DA:30,59
DA:43,0
DA:56,41
DA:74,2
DA:75,2
DA:76,2
DA:79,2
DA:91,0
DA:92,0
DA:96,1
LF:12
LH:9
BRDA:23,0,0,59
BRDA:23,0,1,0
BRDA:29,1,0,59
BRDA:29,1,1,0
BRDA:75,2,0,2
BRDA:75,2,1,0
BRDA:76,3,0,2
BRDA:76,3,1,2
BRDA:76,3,2,0
BRDA:76,3,3,0
BRDA:76,3,4,0
BRDA:76,3,5,0
BRF:12
BRH:5
end_of_record
TN:
SF:src\common\commontypes\Util.js
FN:28,(anonymous_0)
FN:65,(anonymous_1)
FN:81,(anonymous_2)
FN:106,(anonymous_3)
FN:127,(anonymous_4)
FN:136,(anonymous_5)
FN:147,(anonymous_6)
FN:163,(anonymous_7)
FN:193,(anonymous_8)
FN:238,(anonymous_9)
FN:274,(anonymous_10)
FN:300,(anonymous_11)
FN:320,(anonymous_12)
FN:349,(anonymous_13)
FN:365,(anonymous_14)
FN:374,(anonymous_15)
FN:435,(anonymous_16)
FN:556,(anonymous_17)
FN:567,(anonymous_18)
FN:586,(anonymous_19)
FN:602,(anonymous_20)
FN:617,(anonymous_21)
FN:653,(anonymous_22)
FN:661,(anonymous_23)
FN:686,(anonymous_24)
FN:704,(anonymous_25)
FN:759,(anonymous_26)
FN:791,(anonymous_27)
FN:866,(anonymous_28)
FN:894,(anonymous_29)
FN:917,(anonymous_30)
FN:930,(anonymous_31)
FN:950,(anonymous_32)
FN:982,(anonymous_33)
FN:1023,(anonymous_34)
FN:1068,(anonymous_35)
FN:1100,(anonymous_36)
FN:1104,(anonymous_37)
FN:1115,paramToString
FN:1129,canBeJsonified
FNF:40
FNH:40
FNDA:53511,(anonymous_0)
FNDA:12,(anonymous_1)
FNDA:75,(anonymous_2)
FNDA:771,(anonymous_3)
FNDA:1,(anonymous_4)
FNDA:121011,(anonymous_5)
FNDA:23,(anonymous_6)
FNDA:2227,(anonymous_7)
FNDA:128,(anonymous_8)
FNDA:9,(anonymous_9)
FNDA:86,(anonymous_10)
FNDA:778,(anonymous_11)
FNDA:1059,(anonymous_12)
FNDA:418201,(anonymous_13)
FNDA:1,(anonymous_14)
FNDA:11,(anonymous_15)
FNDA:216335,(anonymous_16)
FNDA:81,(anonymous_17)
FNDA:2,(anonymous_18)
FNDA:199,(anonymous_19)
FNDA:1,(anonymous_20)
FNDA:1,(anonymous_21)
FNDA:1,(anonymous_22)
FNDA:1,(anonymous_23)
FNDA:1,(anonymous_24)
FNDA:1155,(anonymous_25)
FNDA:8,(anonymous_26)
FNDA:34530,(anonymous_27)
FNDA:79,(anonymous_28)
FNDA:97,(anonymous_29)
FNDA:801,(anonymous_30)
FNDA:72812,(anonymous_31)
FNDA:66328,(anonymous_32)
FNDA:398469,(anonymous_33)
FNDA:8959058,(anonymous_34)
FNDA:11376,(anonymous_35)
FNDA:64,(anonymous_36)
FNDA:64,(anonymous_37)
FNDA:64,paramToString
FNDA:64,canBeJsonified
DA:7,1
DA:28,1
DA:29,53511
DA:30,53511
DA:31,50801
DA:32,426098
DA:33,426098
DA:34,422103
DA:50,50801
DA:53,50801
DA:55,0
DA:58,53511
DA:65,1
DA:66,12
DA:68,12
DA:69,12
DA:70,72
DA:71,72
DA:72,67
DA:81,1
DA:82,75
DA:83,75
DA:84,1390
DA:85,1390
DA:86,6
DA:87,14
DA:88,6
DA:91,6
DA:92,1384
DA:93,16
DA:94,10
DA:97,1390
DA:106,1
DA:107,771
DA:109,771
DA:110,774
DA:111,774
DA:112,2
DA:114,774
DA:115,770
DA:117,4
DA:119,1
DA:127,1
DA:128,1
DA:136,1
DA:137,121011
DA:147,1
DA:148,23
DA:149,76
DA:150,22
DA:154,23
DA:163,1
DA:164,2227
DA:165,1
DA:168,2226
DA:169,2225
DA:171,1
DA:172,4
DA:173,0
DA:176,1
DA:193,1
DA:196,128
DA:197,59
DA:199,128
DA:200,18
DA:201,18
DA:203,128
DA:204,18
DA:205,18
DA:207,128
DA:208,61
DA:210,128
DA:211,2
DA:213,128
DA:214,3
DA:216,128
DA:217,21
DA:218,21
DA:219,107
DA:220,50
DA:221,50
DA:238,1
DA:239,9
DA:245,9
DA:248,9
DA:249,69
DA:252,12
DA:260,9
DA:262,0
DA:265,9
DA:274,1
DA:275,86
DA:277,86
DA:278,485
DA:279,485
DA:281,485
DA:282,2
DA:285,483
DA:287,485
DA:291,86
DA:300,1
DA:301,778
DA:302,778
DA:303,738
DA:304,43
DA:306,738
DA:307,738
DA:311,778
DA:320,1
DA:321,1059
DA:322,1059
DA:323,0
DA:325,1059
DA:326,80
DA:328,1059
DA:329,1059
DA:330,1028
DA:332,1059
DA:333,1059
DA:341,1
DA:349,1
DA:350,418201
DA:351,418201
DA:353,418201
DA:354,1947
DA:356,418201
DA:365,1
DA:366,1
DA:374,1
DA:376,11
DA:379,11
DA:380,11
DA:381,1
DA:382,1
DA:384,1
DA:387,11
DA:388,11
DA:389,11
DA:390,12
DA:391,12
DA:393,2
DA:394,2
DA:395,2
DA:397,0
DA:401,2
DA:403,2
DA:404,2
DA:406,0
DA:410,2
DA:413,2
DA:414,2
DA:417,2
DA:420,11
DA:428,1
DA:435,1
DA:436,216335
DA:437,0
DA:439,216335
DA:440,216335
DA:449,1
DA:458,1
DA:459,1
DA:460,1
DA:463,1
DA:464,1
DA:525,1
DA:550,1
DA:556,1
DA:557,81
DA:558,81
DA:567,1
DA:569,2
DA:570,1
DA:571,1
DA:573,1
DA:574,1
DA:577,2
DA:586,1
DA:588,199
DA:589,1
DA:592,199
DA:594,199
DA:602,1
DA:603,1
DA:604,1
DA:617,1
DA:618,1
DA:620,1
DA:621,1
DA:622,0
DA:623,0
DA:624,1
DA:625,1
DA:626,1
DA:627,0
DA:628,0
DA:629,0
DA:630,0
DA:631,0
DA:632,0
DA:633,0
DA:634,0
DA:635,0
DA:637,1
DA:639,1
DA:640,0
DA:641,1
DA:642,0
DA:643,0
DA:644,0
DA:646,1
DA:653,1
DA:654,1
DA:661,1
DA:662,1
DA:663,1
DA:664,1
DA:665,0
DA:667,1
DA:668,0
DA:670,1
DA:671,0
DA:673,1
DA:674,0
DA:677,0
DA:679,1
DA:686,1
DA:687,1
DA:691,1
DA:692,1
DA:693,1
DA:694,1
DA:695,1
DA:696,1
DA:697,1
DA:704,1
DA:705,1155
DA:706,3
DA:708,1152
DA:709,1152
DA:710,1152
DA:711,1152
DA:712,1
DA:715,1151
DA:716,1151
DA:717,1151
DA:718,1151
DA:719,1151
DA:722,1151
DA:723,1151
DA:726,0
DA:728,1151
DA:729,41
DA:731,1110
DA:732,1110
DA:733,1110
DA:734,1110
DA:736,1110
DA:737,1094
DA:739,16
DA:740,16
DA:742,1110
DA:743,1110
DA:744,800
DA:747,310
DA:759,1
DA:761,8
DA:762,0
DA:764,8
DA:765,8
DA:766,8
DA:767,8
DA:768,8
DA:770,8
DA:771,8
DA:773,8
DA:774,2
DA:775,2
DA:776,2
DA:777,2
DA:780,6
DA:781,6
DA:783,8
DA:791,1
DA:792,34530
DA:793,34530
DA:794,3267
DA:796,31263
DA:799,3392
DA:800,3392
DA:801,3392
DA:802,3392
DA:803,3392
DA:804,3392
DA:805,3392
DA:806,3392
DA:808,675
DA:809,675
DA:810,3451
DA:812,675
DA:814,16582
DA:816,3626
DA:818,0
DA:827,0
DA:829,6988
DA:830,55
DA:832,6933
DA:833,6933
DA:834,0
DA:835,0
DA:836,0
DA:838,0
DA:840,6933
DA:841,6933
DA:843,36938
DA:844,30425
DA:848,6933
DA:849,6916
DA:851,17
DA:854,0
DA:866,1
DA:867,79
DA:868,79
DA:870,79
DA:871,79
DA:872,79
DA:873,79
DA:874,79
DA:876,1
DA:877,1
DA:879,78
DA:880,78
DA:883,0
DA:894,1
DA:895,97
DA:896,97
DA:898,97
DA:899,97
DA:900,97
DA:901,79
DA:902,1
DA:903,1
DA:905,78
DA:906,78
DA:909,18
DA:917,1
DA:918,801
DA:919,1
DA:921,801
DA:930,1
DA:931,72812
DA:932,72812
DA:933,72812
DA:934,1296058
DA:935,1296058
DA:936,1296044
DA:940,72812
DA:950,1
DA:951,66328
DA:952,66328
DA:953,66132
DA:955,470673
DA:956,470673
DA:957,417363
DA:958,1381254
DA:959,83816
DA:960,83816
DA:964,470673
DA:965,83816
DA:968,386857
DA:969,386857
DA:970,367495
DA:974,66328
DA:982,1
DA:984,398469
DA:985,369904
DA:989,28565
DA:990,0
DA:991,0
DA:992,0
DA:996,28565
DA:997,908
DA:998,908
DA:1002,27657
DA:1003,27657
DA:1004,27657
DA:1005,632706
DA:1006,371426
DA:1009,27657
DA:1012,0
DA:1023,1
DA:1024,8959058
DA:1027,8959058
DA:1028,8959058
DA:1029,8959058
DA:1031,8959058
DA:1032,4479540
DA:1033,4479540
DA:1035,4479540
DA:1036,405
DA:1038,4479135
DA:1042,4479518
DA:1043,2551
DA:1044,2551
DA:1045,2551
DA:1046,2551
DA:1047,2551
DA:1049,1531
DA:1051,1020
DA:1055,4476967
DA:1058,8959058
DA:1068,1
DA:1069,11376
DA:1070,11376
DA:1071,11376
DA:1072,11376
DA:1073,11376
DA:1075,11376
DA:1076,11376
DA:1078,11376
DA:1079,11376
DA:1081,11376
DA:1082,11376
DA:1084,11376
DA:1085,11376
DA:1086,11376
DA:1087,11376
DA:1088,11376
DA:1089,11376
DA:1100,1
DA:1101,64
DA:1102,16
DA:1104,48
DA:1106,64
DA:1107,64
DA:1109,0
DA:1111,64
DA:1116,64
DA:1117,0
DA:1119,64
DA:1120,0
DA:1122,64
DA:1123,0
DA:1126,64
DA:1130,64
DA:1131,0
DA:1133,64
DA:1134,64
DA:1135,64
DA:1137,0
LF:450
LH:403
BRDA:7,0,0,1
BRDA:7,0,1,0
BRDA:29,1,0,53511
BRDA:29,1,1,11
BRDA:30,2,0,50801
BRDA:30,2,1,2710
BRDA:33,3,0,422103
BRDA:33,3,1,3995
BRDA:50,4,0,50801
BRDA:50,4,1,50801
BRDA:53,5,0,0
BRDA:53,5,1,50801
BRDA:53,6,0,50801
BRDA:53,6,1,50801
BRDA:53,6,2,50801
BRDA:66,7,0,12
BRDA:66,7,1,0
BRDA:68,8,0,12
BRDA:68,8,1,0
BRDA:71,9,0,67
BRDA:71,9,1,5
BRDA:82,10,0,75
BRDA:82,10,1,0
BRDA:84,11,0,1390
BRDA:84,11,1,0
BRDA:85,12,0,6
BRDA:85,12,1,1384
BRDA:85,13,0,1390
BRDA:85,13,1,1135
BRDA:87,14,0,6
BRDA:87,14,1,8
BRDA:92,15,0,16
BRDA:92,15,1,1368
BRDA:92,16,0,1384
BRDA:92,16,1,1129
BRDA:93,17,0,10
BRDA:93,17,1,6
BRDA:111,18,0,2
BRDA:111,18,1,772
BRDA:114,19,0,770
BRDA:114,19,1,4
BRDA:128,20,0,1
BRDA:128,20,1,1
BRDA:149,21,0,22
BRDA:149,21,1,54
BRDA:164,22,0,1
BRDA:164,22,1,2226
BRDA:168,23,0,2225
BRDA:168,23,1,1
BRDA:172,24,0,0
BRDA:172,24,1,4
BRDA:196,25,0,59
BRDA:196,25,1,69
BRDA:199,26,0,18
BRDA:199,26,1,110
BRDA:203,27,0,18
BRDA:203,27,1,110
BRDA:207,28,0,61
BRDA:207,28,1,67
BRDA:210,29,0,2
BRDA:210,29,1,126
BRDA:213,30,0,3
BRDA:213,30,1,125
BRDA:216,31,0,21
BRDA:216,31,1,107
BRDA:216,32,0,128
BRDA:216,32,1,71
BRDA:219,33,0,50
BRDA:219,33,1,57
BRDA:239,34,0,9
BRDA:239,34,1,0
BRDA:245,35,0,9
BRDA:245,35,1,9
BRDA:249,36,0,12
BRDA:249,36,1,57
BRDA:249,37,0,69
BRDA:249,37,1,60
BRDA:249,37,2,60
BRDA:249,37,3,60
BRDA:249,37,4,60
BRDA:260,38,0,0
BRDA:260,38,1,9
BRDA:260,39,0,9
BRDA:260,39,1,9
BRDA:260,39,2,9
BRDA:260,39,3,9
BRDA:260,39,4,1
BRDA:279,40,0,485
BRDA:279,40,1,0
BRDA:279,41,0,485
BRDA:279,41,1,485
BRDA:281,42,0,2
BRDA:281,42,1,483
BRDA:281,43,0,485
BRDA:281,43,1,484
BRDA:302,44,0,738
BRDA:302,44,1,40
BRDA:303,45,0,43
BRDA:303,45,1,695
BRDA:307,46,0,0
BRDA:307,46,1,738
BRDA:309,47,0,135
BRDA:309,47,1,603
BRDA:322,48,0,0
BRDA:322,48,1,1059
BRDA:325,49,0,80
BRDA:325,49,1,979
BRDA:329,50,0,1028
BRDA:329,50,1,31
BRDA:332,51,0,20
BRDA:332,51,1,1039
BRDA:350,52,0,418201
BRDA:350,52,1,0
BRDA:353,53,0,1947
BRDA:353,53,1,416254
BRDA:356,54,0,0
BRDA:356,54,1,418201
BRDA:376,55,0,0
BRDA:376,55,1,11
BRDA:376,56,0,11
BRDA:376,56,1,11
BRDA:380,57,0,1
BRDA:380,57,1,10
BRDA:382,58,0,0
BRDA:382,58,1,1
BRDA:391,59,0,2
BRDA:391,59,1,10
BRDA:401,60,0,2
BRDA:401,60,1,0
BRDA:413,61,0,2
BRDA:413,61,1,0
BRDA:436,62,0,0
BRDA:436,62,1,216335
BRDA:557,63,0,0
BRDA:557,63,1,81
BRDA:569,64,0,1
BRDA:569,64,1,1
BRDA:570,65,0,1
BRDA:570,65,1,0
BRDA:588,66,0,1
BRDA:588,66,1,198
BRDA:604,67,0,1
BRDA:604,67,1,0
BRDA:621,68,0,0
BRDA:621,68,1,1
BRDA:621,69,0,1
BRDA:621,69,1,1
BRDA:621,69,2,0
BRDA:623,70,0,0
BRDA:623,70,1,0
BRDA:624,71,0,1
BRDA:624,71,1,0
BRDA:627,72,0,0
BRDA:627,72,1,0
BRDA:630,73,0,0
BRDA:630,73,1,0
BRDA:633,74,0,0
BRDA:633,74,1,0
BRDA:637,75,0,1
BRDA:637,75,1,0
BRDA:639,76,0,0
BRDA:639,76,1,1
BRDA:639,77,0,1
BRDA:639,77,1,1
BRDA:639,77,2,1
BRDA:641,78,0,0
BRDA:641,78,1,1
BRDA:643,79,0,0
BRDA:643,79,1,0
BRDA:663,80,0,1
BRDA:663,80,1,0
BRDA:664,81,0,0
BRDA:664,81,1,1
BRDA:664,82,0,1
BRDA:664,82,1,0
BRDA:667,83,0,0
BRDA:667,83,1,1
BRDA:667,84,0,1
BRDA:667,84,1,0
BRDA:670,85,0,0
BRDA:670,85,1,1
BRDA:670,86,0,1
BRDA:670,86,1,0
BRDA:673,87,0,0
BRDA:673,87,1,1
BRDA:673,88,0,1
BRDA:673,88,1,0
BRDA:705,89,0,3
BRDA:705,89,1,1152
BRDA:711,90,0,1
BRDA:711,90,1,1151
BRDA:723,91,0,1151
BRDA:723,91,1,0
BRDA:726,92,0,0
BRDA:726,92,1,0
BRDA:728,93,0,41
BRDA:728,93,1,1110
BRDA:736,94,0,1094
BRDA:736,94,1,16
BRDA:740,95,0,16
BRDA:740,95,1,0
BRDA:743,96,0,800
BRDA:743,96,1,310
BRDA:743,97,0,1110
BRDA:743,97,1,847
BRDA:761,98,0,0
BRDA:761,98,1,8
BRDA:761,99,0,8
BRDA:761,99,1,8
BRDA:761,99,2,8
BRDA:770,100,0,8
BRDA:770,100,1,0
BRDA:771,101,0,8
BRDA:771,101,1,0
BRDA:773,102,0,2
BRDA:773,102,1,6
BRDA:773,103,0,8
BRDA:773,103,1,7
BRDA:773,103,2,6
BRDA:776,104,0,0
BRDA:776,104,1,2
BRDA:793,105,0,3267
BRDA:793,105,1,31263
BRDA:796,106,0,3392
BRDA:796,106,1,675
BRDA:796,106,2,16582
BRDA:796,106,3,3626
BRDA:796,106,4,0
BRDA:796,106,5,6988
BRDA:814,107,0,16582
BRDA:814,107,1,0
BRDA:829,108,0,55
BRDA:829,108,1,6933
BRDA:829,109,0,6988
BRDA:829,109,1,55
BRDA:832,110,0,6933
BRDA:832,110,1,0
BRDA:833,111,0,0
BRDA:833,111,1,6933
BRDA:843,112,0,30425
BRDA:843,112,1,6513
BRDA:843,113,0,36938
BRDA:843,113,1,36938
BRDA:843,113,2,30912
BRDA:848,114,0,6916
BRDA:848,114,1,17
BRDA:870,115,0,79
BRDA:870,115,1,0
BRDA:871,116,0,79
BRDA:871,116,1,0
BRDA:872,117,0,79
BRDA:872,117,1,0
BRDA:872,118,0,79
BRDA:872,118,1,79
BRDA:874,119,0,1
BRDA:874,119,1,78
BRDA:874,120,0,79
BRDA:874,120,1,78
BRDA:874,120,2,78
BRDA:898,121,0,97
BRDA:898,121,1,18
BRDA:899,122,0,97
BRDA:899,122,1,0
BRDA:900,123,0,79
BRDA:900,123,1,18
BRDA:900,124,0,97
BRDA:900,124,1,97
BRDA:901,125,0,1
BRDA:901,125,1,78
BRDA:901,126,0,79
BRDA:901,126,1,78
BRDA:901,126,2,78
BRDA:918,127,0,1
BRDA:918,127,1,800
BRDA:918,128,0,801
BRDA:918,128,1,1
BRDA:931,129,0,72812
BRDA:931,129,1,11567
BRDA:932,130,0,72812
BRDA:932,130,1,0
BRDA:935,131,0,1296044
BRDA:935,131,1,14
BRDA:935,132,0,1296058
BRDA:935,132,1,1296058
BRDA:935,132,2,1296044
BRDA:951,133,0,66328
BRDA:951,133,1,0
BRDA:952,134,0,66132
BRDA:952,134,1,196
BRDA:956,135,0,417363
BRDA:956,135,1,53310
BRDA:956,136,0,470673
BRDA:956,136,1,417363
BRDA:958,137,0,83816
BRDA:958,137,1,1297438
BRDA:964,138,0,83816
BRDA:964,138,1,386857
BRDA:969,139,0,367495
BRDA:969,139,1,19362
BRDA:969,140,0,386857
BRDA:969,140,1,385558
BRDA:969,140,2,367495
BRDA:984,141,0,369904
BRDA:984,141,1,28565
BRDA:984,142,0,398469
BRDA:984,142,1,398007
BRDA:989,143,0,0
BRDA:989,143,1,28565
BRDA:996,144,0,908
BRDA:996,144,1,27657
BRDA:1002,145,0,27657
BRDA:1002,145,1,0
BRDA:1005,146,0,371426
BRDA:1005,146,1,261280
BRDA:1031,147,0,4479540
BRDA:1031,147,1,4479518
BRDA:1035,148,0,405
BRDA:1035,148,1,4479135
BRDA:1035,149,0,4479540
BRDA:1035,149,1,2429521
BRDA:1035,149,2,1267207
BRDA:1035,149,3,188381
BRDA:1042,150,0,2551
BRDA:1042,150,1,4476967
BRDA:1042,151,0,4479518
BRDA:1042,151,1,2551
BRDA:1047,152,0,1531
BRDA:1047,152,1,1020
BRDA:1047,153,0,2551
BRDA:1047,153,1,2160
BRDA:1047,153,2,1530
BRDA:1047,153,3,1139
BRDA:1047,153,4,1021
BRDA:1047,153,5,375
BRDA:1047,153,6,2550
BRDA:1047,153,7,1904
BRDA:1072,154,0,11376
BRDA:1072,154,1,0
BRDA:1075,155,0,11376
BRDA:1075,155,1,0
BRDA:1078,156,0,11376
BRDA:1078,156,1,0
BRDA:1101,157,0,16
BRDA:1101,157,1,48
BRDA:1106,158,0,64
BRDA:1106,158,1,0
BRDA:1116,159,0,0
BRDA:1116,159,1,64
BRDA:1116,160,0,64
BRDA:1116,160,1,64
BRDA:1119,161,0,0
BRDA:1119,161,1,64
BRDA:1122,162,0,0
BRDA:1122,162,1,64
BRDA:1130,163,0,0
BRDA:1130,163,1,64
BRDA:1130,164,0,64
BRDA:1130,164,1,0
BRDA:1135,165,0,64
BRDA:1135,165,1,64
BRF:360
BRH:284
end_of_record
TN:
SF:src\common\commontypes\Vector.js
FN:34,(anonymous_0)
FN:180,(anonymous_1)
FN:196,(anonymous_2)
FN:208,(anonymous_3)
FNF:4
FNH:4
FNDA:17857,(anonymous_0)
FNDA:49,(anonymous_1)
FNDA:1,(anonymous_2)
FNDA:8,(anonymous_3)
DA:35,17857
DA:40,17857
DA:46,17857
DA:52,17857
DA:54,17857
DA:55,17780
DA:65,17857
DA:71,17857
DA:77,17857
DA:83,17857
DA:85,17857
DA:87,17857
DA:89,17857
DA:97,17857
DA:181,49
DA:182,0
DA:183,0
DA:186,49
DA:187,49
DA:197,1
DA:209,8
DA:210,2
DA:213,1
DA:214,1
DA:217,1
DA:219,6
DA:220,2
DA:222,1
DA:224,1
DA:225,1
DA:227,4
DA:228,3
DA:231,1
DA:233,1
DA:236,1
DA:237,1
DA:239,1
DA:240,1
DA:318,1
LF:39
LH:37
BRDA:46,0,0,17857
BRDA:46,0,1,0
BRDA:54,1,0,17780
BRDA:54,1,1,77
BRDA:77,2,0,5035
BRDA:77,2,1,12822
BRDA:181,3,0,0
BRDA:181,3,1,49
BRDA:198,4,0,1
BRDA:198,4,1,0
BRDA:209,5,0,2
BRDA:209,5,1,6
BRDA:210,6,0,0
BRDA:210,6,1,1
BRDA:210,6,2,0
BRDA:210,6,3,1
BRDA:219,7,0,2
BRDA:219,7,1,4
BRDA:220,8,0,1
BRDA:220,8,1,1
BRDA:227,9,0,3
BRDA:227,9,1,1
BRDA:228,10,0,1
BRDA:228,10,1,1
BRDA:228,10,2,1
BRDA:228,10,3,1
BRDA:239,11,0,1
BRDA:239,11,1,0
BRF:28
BRH:22
end_of_record
TN:
SF:src\common\commontypes\index.js
FNF:0
FNH:0
LF:0
LH:0
BRF:0
BRH:0
end_of_record
TN:
SF:src\common\commontypes\geometry\Collection.js
FN:25,(anonymous_0)
FN:50,(anonymous_1)
FN:61,(anonymous_2)
FN:78,(anonymous_3)
FN:90,(anonymous_4)
FN:115,(anonymous_5)
FN:131,(anonymous_6)
FN:161,(anonymous_7)
FN:179,(anonymous_8)
FN:193,(anonymous_9)
FN:207,(anonymous_10)
FN:233,(anonymous_11)
FNF:12
FNH:12
FNDA:7245,(anonymous_0)
FNDA:21,(anonymous_1)
FNDA:1,(anonymous_2)
FNDA:1,(anonymous_3)
FNDA:854,(anonymous_4)
FNDA:7242,(anonymous_5)
FNDA:93143,(anonymous_6)
FNDA:1,(anonymous_7)
FNDA:3,(anonymous_8)
FNDA:1,(anonymous_9)
FNDA:4,(anonymous_10)
FNDA:1,(anonymous_11)
DA:26,7245
DA:32,7245
DA:38,7245
DA:39,7245
DA:40,7242
DA:42,7245
DA:43,7245
DA:51,21
DA:52,21
DA:53,21
DA:62,1
DA:63,1
DA:64,2
DA:68,1
DA:70,1
DA:79,1
DA:80,1
DA:81,2
DA:83,1
DA:91,854
DA:92,854
DA:93,854
DA:94,854
DA:95,854
DA:96,11154
DA:101,854
DA:103,854
DA:116,7242
DA:117,9
DA:119,7242
DA:120,73645
DA:132,93143
DA:133,93143
DA:134,93143
DA:138,93143
DA:139,1
DA:140,1
DA:142,1
DA:143,1
DA:145,93142
DA:147,93143
DA:148,93143
DA:149,93143
DA:152,93143
DA:162,1
DA:164,1
DA:165,1
DA:167,1
DA:168,1
DA:170,1
DA:180,3
DA:184,3
DA:185,3
DA:194,1
DA:195,1
DA:196,2
DA:198,1
DA:208,4
DA:209,4
DA:211,1
DA:212,3
DA:214,1
DA:216,2
DA:217,2
DA:218,1
DA:219,1
DA:223,4
DA:234,1
DA:235,1
DA:236,2
DA:240,1
DA:245,1
LF:72
LH:72
BRDA:39,0,0,7242
BRDA:39,0,1,3
BRDA:94,1,0,854
BRDA:94,1,1,0
BRDA:101,2,0,854
BRDA:101,2,1,0
BRDA:101,3,0,854
BRDA:101,3,1,854
BRDA:101,3,2,854
BRDA:101,3,3,854
BRDA:116,4,0,9
BRDA:116,4,1,7233
BRDA:133,5,0,93143
BRDA:133,5,1,0
BRDA:134,6,0,93143
BRDA:134,6,1,0
BRDA:134,7,0,93143
BRDA:134,7,1,3
BRDA:138,8,0,1
BRDA:138,8,1,93142
BRDA:138,9,0,93143
BRDA:138,9,1,2
BRDA:164,10,0,1
BRDA:164,10,1,0
BRDA:168,11,0,1
BRDA:168,11,1,0
BRDA:209,12,0,1
BRDA:209,12,1,3
BRDA:209,13,0,4
BRDA:209,13,1,4
BRDA:209,13,2,4
BRDA:212,14,0,1
BRDA:212,14,1,2
BRDA:212,15,0,3
BRDA:212,15,1,3
BRDA:217,16,0,1
BRDA:217,16,1,1
BRF:37
BRH:31
end_of_record
TN:
SF:src\common\commontypes\geometry\Curve.js
FN:20,(anonymous_0)
FNF:1
FNH:1
FNDA:5275,(anonymous_0)
DA:21,5275
DA:27,5275
DA:28,5275
DA:29,5275
DA:36,1
LF:5
LH:5
BRF:0
BRH:0
end_of_record
TN:
SF:src\common\commontypes\geometry\GeoText.js
FN:24,(anonymous_0)
FN:63,(anonymous_1)
FN:75,(anonymous_2)
FN:84,(anonymous_3)
FN:96,(anonymous_4)
FN:110,(anonymous_5)
FN:181,(anonymous_6)
FN:247,(anonymous_7)
FN:299,(anonymous_8)
FNF:9
FNH:9
FNDA:16605,(anonymous_0)
FNDA:7,(anonymous_1)
FNDA:16431,(anonymous_2)
FNDA:1,(anonymous_3)
FNDA:5032,(anonymous_4)
FNDA:12,(anonymous_5)
FNDA:11375,(anonymous_6)
FNDA:11375,(anonymous_7)
FNDA:11375,(anonymous_8)
DA:25,16605
DA:30,16605
DA:36,16605
DA:42,16605
DA:50,16605
DA:54,16605
DA:55,16605
DA:56,16605
DA:64,7
DA:65,7
DA:66,7
DA:67,7
DA:76,16431
DA:85,1
DA:86,1
DA:88,1
DA:89,1
DA:97,5032
DA:112,12
DA:115,12
DA:116,12
DA:117,12
DA:120,12
DA:121,12
DA:122,12
DA:123,0
DA:125,12
DA:126,12
DA:128,1
DA:129,1
DA:130,1
DA:132,1
DA:133,1
DA:135,1
DA:136,1
DA:137,1
DA:139,1
DA:140,1
DA:142,1
DA:143,1
DA:145,1
DA:146,1
DA:147,1
DA:149,1
DA:150,1
DA:152,1
DA:153,1
DA:154,1
DA:156,4
DA:160,12
DA:161,12
DA:164,12
DA:165,12
DA:166,12
DA:167,12
DA:169,12
DA:171,12
DA:183,11375
DA:184,11375
DA:187,11375
DA:188,11375
DA:190,1
DA:191,1
DA:192,1
DA:194,1
DA:195,1
DA:197,1
DA:198,1
DA:199,1
DA:201,1
DA:202,1
DA:204,1
DA:205,1
DA:207,1
DA:208,1
DA:209,1
DA:211,1
DA:212,1
DA:214,1
DA:215,1
DA:216,1
DA:218,11367
DA:222,11375
DA:223,11375
DA:226,11375
DA:227,11375
DA:229,11375
DA:230,9
DA:232,11366
DA:234,11375
DA:236,11375
DA:238,11375
DA:250,11375
DA:251,11375
DA:252,11375
DA:254,11375
DA:255,11375
DA:256,11375
DA:258,0
DA:264,11375
DA:265,11375
DA:267,11375
DA:268,0
DA:270,11375
DA:274,11375
DA:275,11375
DA:276,54
DA:278,11375
DA:279,11375
DA:280,11375
DA:281,11375
DA:282,11321
DA:286,11375
DA:287,11375
DA:288,11375
DA:290,11375
DA:300,11375
DA:302,11375
DA:303,11375
DA:305,11375
DA:306,23155
DA:307,0
DA:309,23155
DA:313,11375
DA:315,11375
DA:317,11375
DA:319,11375
DA:325,1
LF:128
LH:124
BRDA:85,0,0,1
BRDA:85,0,1,0
BRDA:115,1,0,12
BRDA:115,1,1,0
BRDA:122,2,0,0
BRDA:122,2,1,12
BRDA:125,3,0,12
BRDA:125,3,1,0
BRDA:125,4,0,12
BRDA:125,4,1,12
BRDA:126,5,0,1
BRDA:126,5,1,1
BRDA:126,5,2,1
BRDA:126,5,3,1
BRDA:126,5,4,1
BRDA:126,5,5,1
BRDA:126,5,6,1
BRDA:126,5,7,1
BRDA:126,5,8,4
BRDA:187,6,0,11375
BRDA:187,6,1,0
BRDA:187,7,0,11375
BRDA:187,7,1,11375
BRDA:188,8,0,1
BRDA:188,8,1,1
BRDA:188,8,2,1
BRDA:188,8,3,1
BRDA:188,8,4,1
BRDA:188,8,5,1
BRDA:188,8,6,1
BRDA:188,8,7,1
BRDA:188,8,8,11367
BRDA:229,9,0,9
BRDA:229,9,1,11366
BRDA:229,10,0,11375
BRDA:229,10,1,11375
BRDA:254,11,0,11375
BRDA:254,11,1,0
BRDA:255,12,0,11375
BRDA:255,12,1,0
BRDA:267,13,0,0
BRDA:267,13,1,11375
BRDA:275,14,0,54
BRDA:275,14,1,11321
BRDA:275,15,0,11375
BRDA:275,15,1,54
BRDA:281,16,0,11321
BRDA:281,16,1,54
BRDA:306,17,0,0
BRDA:306,17,1,23155
BRF:50
BRH:41
end_of_record
TN:
SF:src\common\commontypes\geometry\LineString.js
FN:24,(anonymous_0)
FN:36,(anonymous_1)
FN:51,(anonymous_2)
FN:75,byX1
FN:88,(anonymous_4)
FN:115,(anonymous_5)
FN:266,(anonymous_6)
FN:286,(anonymous_7)
FN:305,(anonymous_8)
FNF:9
FNH:9
FNDA:5275,(anonymous_0)
FNDA:2,(anonymous_1)
FNDA:1,(anonymous_2)
FNDA:3,byX1
FNDA:238,(anonymous_4)
FNDA:10,(anonymous_5)
FNDA:16,(anonymous_6)
FNDA:4,(anonymous_7)
FNDA:6,(anonymous_8)
DA:25,5275
DA:26,5275
DA:27,5275
DA:37,2
DA:38,2
DA:39,2
DA:41,2
DA:52,1
DA:53,1
DA:54,1
DA:55,4
DA:56,4
DA:57,4
DA:58,3
DA:65,1
DA:76,3
DA:79,1
DA:90,238
DA:91,1
DA:95,237
DA:96,1
DA:98,236
DA:100,238
DA:116,10
DA:117,5
DA:119,5
DA:120,5
DA:121,5
DA:122,5
DA:123,5
DA:124,5
DA:125,5
DA:126,5
DA:127,5
DA:128,5
DA:129,5
DA:130,5
DA:132,5
DA:133,5
DA:134,5
DA:137,1
DA:138,1
DA:139,1
DA:141,4
DA:143,4
DA:145,4
DA:146,4
DA:147,4
DA:148,4
DA:150,4
DA:151,4
DA:152,4
DA:153,4
DA:154,4
DA:156,4
DA:157,1
DA:159,3
DA:162,4
DA:164,4
DA:165,4
DA:166,1
DA:167,1
DA:168,0
DA:171,0
DA:172,0
DA:175,3
DA:176,0
DA:177,0
DA:180,3
DA:181,3
DA:185,0
DA:186,0
DA:187,0
DA:190,0
DA:191,0
DA:196,4
DA:197,4
DA:199,4
DA:200,4
DA:201,0
DA:202,0
DA:206,4
DA:207,4
DA:208,4
DA:209,284
DA:210,284
DA:212,284
DA:213,71
DA:214,0
DA:215,0
DA:217,0
DA:220,71
DA:221,71
DA:223,0
DA:227,213
DA:228,213
DA:229,0
DA:231,213
DA:234,0
DA:235,0
DA:237,0
DA:242,284
DA:243,284
DA:244,284
DA:245,284
DA:247,4
DA:249,5
DA:267,16
DA:268,16
DA:269,16
DA:270,0
DA:272,16
DA:273,61
DA:274,61
DA:275,1
DA:276,1
DA:277,1
DA:279,60
DA:280,60
DA:283,16
DA:287,4
DA:288,1
DA:289,1
DA:290,1
DA:291,3
DA:292,1
DA:293,1
DA:294,1
DA:295,1
DA:297,2
DA:298,2
DA:299,2
DA:300,2
DA:302,4
DA:306,6
DA:307,6
DA:308,2
DA:309,4
DA:310,1
DA:312,3
DA:315,6
DA:316,0
DA:317,6
DA:318,6
DA:320,6
DA:324,1
LF:146
LH:124
BRDA:37,0,0,2
BRDA:37,0,1,2
BRDA:38,1,0,2
BRDA:38,1,1,0
BRDA:57,2,0,3
BRDA:57,2,1,1
BRDA:90,3,0,1
BRDA:90,3,1,237
BRDA:95,4,0,1
BRDA:95,4,1,236
BRDA:116,5,0,5
BRDA:116,5,1,5
BRDA:134,6,0,1
BRDA:134,6,1,4
BRDA:134,7,0,5
BRDA:134,7,1,4
BRDA:134,7,2,4
BRDA:134,7,3,4
BRDA:134,7,4,1
BRDA:134,7,5,4
BRDA:134,7,6,0
BRDA:134,7,7,4
BRDA:134,7,8,1
BRDA:134,7,9,4
BRDA:134,7,10,0
BRDA:134,7,11,4
BRDA:134,7,12,0
BRDA:152,8,0,0
BRDA:152,8,1,4
BRDA:153,9,0,0
BRDA:153,9,1,4
BRDA:156,10,0,1
BRDA:156,10,1,3
BRDA:157,11,0,1
BRDA:157,11,1,0
BRDA:157,12,0,1
BRDA:157,12,1,1
BRDA:157,12,2,0
BRDA:157,12,3,0
BRDA:159,13,0,0
BRDA:159,13,1,3
BRDA:159,14,0,3
BRDA:159,14,1,0
BRDA:159,14,2,3
BRDA:159,14,3,3
BRDA:164,15,0,4
BRDA:164,15,1,0
BRDA:165,16,0,1
BRDA:165,16,1,3
BRDA:166,17,0,1
BRDA:166,17,1,0
BRDA:167,18,0,0
BRDA:167,18,1,1
BRDA:171,19,0,0
BRDA:171,19,1,0
BRDA:175,20,0,0
BRDA:175,20,1,3
BRDA:176,21,0,0
BRDA:176,21,1,0
BRDA:180,22,0,3
BRDA:180,22,1,0
BRDA:185,23,0,0
BRDA:185,23,1,0
BRDA:186,24,0,0
BRDA:186,24,1,0
BRDA:190,25,0,0
BRDA:190,25,1,0
BRDA:197,26,0,1
BRDA:197,26,1,3
BRDA:200,27,0,0
BRDA:200,27,1,4
BRDA:200,28,0,4
BRDA:200,28,1,0
BRDA:201,29,0,0
BRDA:201,29,1,0
BRDA:212,30,0,71
BRDA:212,30,1,213
BRDA:213,31,0,0
BRDA:213,31,1,71
BRDA:214,32,0,0
BRDA:214,32,1,0
BRDA:220,33,0,71
BRDA:220,33,1,0
BRDA:227,34,0,213
BRDA:227,34,1,0
BRDA:228,35,0,0
BRDA:228,35,1,213
BRDA:234,36,0,0
BRDA:234,36,1,0
BRDA:269,37,0,0
BRDA:269,37,1,16
BRDA:274,38,0,1
BRDA:274,38,1,60
BRDA:287,39,0,1
BRDA:287,39,1,3
BRDA:291,40,0,1
BRDA:291,40,1,2
BRDA:307,41,0,2
BRDA:307,41,1,4
BRDA:309,42,0,1
BRDA:309,42,1,3
BRDA:315,43,0,0
BRDA:315,43,1,6
BRDA:317,44,0,6
BRDA:317,44,1,0
BRF:105
BRH:64
end_of_record
TN:
SF:src\common\commontypes\geometry\LinearRing.js
FN:25,(anonymous_0)
FN:46,(anonymous_1)
FN:71,(anonymous_2)
FN:91,(anonymous_3)
FN:111,(anonymous_4)
FNF:5
FNH:5
FNDA:1110,(anonymous_0)
FNDA:20641,(anonymous_1)
FNDA:1,(anonymous_2)
FNDA:355,(anonymous_3)
FNDA:729,(anonymous_4)
DA:26,1110
DA:32,1110
DA:33,1110
DA:34,1110
DA:47,20641
DA:50,20641
DA:54,20641
DA:55,19493
DA:59,20641
DA:60,20641
DA:62,20641
DA:72,1
DA:73,1
DA:75,1
DA:78,1
DA:80,1
DA:81,1
DA:83,1
DA:92,355
DA:93,355
DA:94,355
DA:95,355
DA:96,7391
DA:97,7391
DA:98,7391
DA:100,355
DA:102,355
DA:112,729
DA:118,1
LF:29
LH:29
BRDA:54,0,0,19493
BRDA:54,0,1,1148
BRDA:54,1,0,20641
BRDA:54,1,1,20640
BRDA:72,2,0,1
BRDA:72,2,1,1
BRDA:73,3,0,1
BRDA:73,3,1,0
BRDA:93,4,0,355
BRDA:93,4,1,0
BRDA:93,5,0,355
BRDA:93,5,1,355
BRDA:112,6,0,1
BRDA:112,6,1,728
BRF:14
BRH:12
end_of_record
TN:
SF:src\common\commontypes\geometry\MultiLineString.js
FN:26,(anonymous_0)
FNF:1
FNH:1
FNDA:59,(anonymous_0)
DA:27,59
DA:33,59
DA:34,59
DA:35,59
DA:41,1
LF:5
LH:5
BRF:0
BRH:0
end_of_record
TN:
SF:src\common\commontypes\geometry\MultiPoint.js
FN:21,(anonymous_0)
FN:39,(anonymous_1)
FN:49,(anonymous_2)
FNF:3
FNH:1
FNDA:5278,(anonymous_0)
FNDA:0,(anonymous_1)
FNDA:0,(anonymous_2)
DA:22,5278
DA:28,5278
DA:29,5278
DA:30,5278
DA:40,0
DA:50,0
DA:56,1
LF:7
LH:5
BRF:0
BRH:0
end_of_record
TN:
SF:src\common\commontypes\geometry\MultiPolygon.js
FN:28,(anonymous_0)
FNF:1
FNH:1
FNDA:770,(anonymous_0)
DA:29,770
DA:35,770
DA:36,770
DA:37,770
DA:43,1
LF:5
LH:5
BRF:0
BRH:0
end_of_record
TN:
SF:src\common\commontypes\geometry\Point.js
FN:24,(anonymous_0)
FN:58,(anonymous_1)
FN:73,(anonymous_2)
FN:88,(anonymous_3)
FN:104,(anonymous_4)
FN:114,(anonymous_5)
FN:122,(anonymous_6)
FN:135,(anonymous_7)
FNF:8
FNH:7
FNDA:144794,(anonymous_0)
FNDA:3,(anonymous_1)
FNDA:11014,(anonymous_2)
FNDA:24564,(anonymous_3)
FNDA:0,(anonymous_4)
FNDA:2,(anonymous_5)
FNDA:45,(anonymous_6)
FNDA:113,(anonymous_7)
DA:25,144794
DA:30,144794
DA:36,144794
DA:42,144794
DA:48,144794
DA:49,144794
DA:50,144794
DA:59,3
DA:60,3
DA:64,3
DA:66,3
DA:74,11014
DA:89,24564
DA:90,24564
DA:91,23455
DA:94,24564
DA:105,0
DA:106,0
DA:107,0
DA:115,2
DA:123,45
DA:124,45
DA:125,45
DA:126,45
DA:136,113
DA:142,1
LF:26
LH:23
BRDA:42,0,0,0
BRDA:42,0,1,144794
BRDA:42,1,0,144794
BRDA:42,1,1,144794
BRDA:48,2,0,144794
BRDA:48,2,1,144790
BRDA:59,3,0,3
BRDA:59,3,1,0
BRDA:90,4,0,23455
BRDA:90,4,1,1109
BRDA:91,5,0,23455
BRDA:91,5,1,1662
BRDA:91,5,2,22283
BRDA:91,5,3,0
BRDA:91,5,4,0
BRDA:91,5,5,0
BRF:16
BRH:11
end_of_record
TN:
SF:src\common\commontypes\geometry\Polygon.js
FN:28,(anonymous_0)
FN:45,(anonymous_1)
FNF:2
FNH:2
FNDA:1081,(anonymous_0)
FNDA:354,(anonymous_1)
DA:29,1081
DA:35,1081
DA:36,1081
DA:37,1081
DA:46,354
DA:47,354
DA:48,354
DA:49,354
DA:50,0
DA:53,354
DA:59,1
LF:11
LH:10
BRDA:47,0,0,354
BRDA:47,0,1,0
BRDA:47,1,0,354
BRDA:47,1,1,354
BRF:4
BRH:3
end_of_record
TN:
SF:src\common\commontypes\geometry\Rectangle.js
FN:29,(anonymous_0)
FN:63,(anonymous_1)
FN:75,(anonymous_2)
FNF:3
FNH:0
FNDA:0,(anonymous_0)
FNDA:0,(anonymous_1)
FNDA:0,(anonymous_2)
DA:30,0
DA:35,0
DA:41,0
DA:47,0
DA:53,0
DA:55,0
DA:56,0
DA:64,0
DA:76,0
DA:77,0
DA:83,1
LF:11
LH:1
BRF:0
BRH:0
end_of_record
TN:
SF:src\common\commontypes\geometry\index.js
FNF:0
FNH:0
LF:0
LH:0
BRF:0
BRH:0
end_of_record
TN:
SF:src\common\components\CommonTypes.js
FNF:0
FNH:0
DA:8,1
DA:15,1
LF:2
LH:2
BRF:0
BRH:0
end_of_record
TN:
SF:src\common\components\index.js
FNF:0
FNH:0
LF:0
LH:0
BRF:0
BRH:0
end_of_record
TN:
SF:src\common\components\chart\ChartModel.js
FN:26,(anonymous_0)
FN:37,(anonymous_1)
FN:41,(anonymous_2)
FN:44,(anonymous_3)
FN:57,(anonymous_4)
FN:70,(anonymous_5)
FN:87,(anonymous_6)
FN:100,(anonymous_7)
FN:115,(anonymous_8)
FN:128,(anonymous_9)
FN:140,(anonymous_10)
FN:145,(anonymous_11)
FN:148,(anonymous_12)
FN:159,(anonymous_13)
FN:179,(anonymous_14)
FN:191,(anonymous_15)
FN:202,(anonymous_16)
FN:205,(anonymous_17)
FN:236,(anonymous_18)
FN:252,(anonymous_19)
FN:263,(anonymous_20)
FN:266,(anonymous_21)
FN:273,(anonymous_22)
FN:276,(anonymous_23)
FN:282,(anonymous_24)
FN:286,(anonymous_25)
FN:299,(anonymous_26)
FN:302,(anonymous_27)
FN:310,(anonymous_28)
FN:313,(anonymous_29)
FN:319,(anonymous_30)
FN:323,(anonymous_31)
FN:337,(anonymous_32)
FN:344,(anonymous_33)
FN:348,(anonymous_34)
FN:363,(anonymous_35)
FN:372,(anonymous_36)
FN:376,(anonymous_37)
FN:388,(anonymous_38)
FN:404,(anonymous_39)
FN:407,(anonymous_40)
FN:421,(anonymous_41)
FN:456,(anonymous_42)
FN:467,(anonymous_43)
FN:486,(anonymous_44)
FN:496,(anonymous_45)
FN:498,(anonymous_46)
FN:512,(anonymous_47)
FN:560,(anonymous_48)
FNF:49
FNH:40
FNDA:6,(anonymous_0)
FNDA:5,(anonymous_1)
FNDA:5,(anonymous_2)
FNDA:5,(anonymous_3)
FNDA:0,(anonymous_4)
FNDA:2,(anonymous_5)
FNDA:0,(anonymous_6)
FNDA:6,(anonymous_7)
FNDA:0,(anonymous_8)
FNDA:2,(anonymous_9)
FNDA:7,(anonymous_10)
FNDA:7,(anonymous_11)
FNDA:7,(anonymous_12)
FNDA:7,(anonymous_13)
FNDA:0,(anonymous_14)
FNDA:8,(anonymous_15)
FNDA:8,(anonymous_16)
FNDA:8,(anonymous_17)
FNDA:1,(anonymous_18)
FNDA:6,(anonymous_19)
FNDA:4,(anonymous_20)
FNDA:4,(anonymous_21)
FNDA:3,(anonymous_22)
FNDA:3,(anonymous_23)
FNDA:0,(anonymous_24)
FNDA:1,(anonymous_25)
FNDA:2,(anonymous_26)
FNDA:2,(anonymous_27)
FNDA:1,(anonymous_28)
FNDA:1,(anonymous_29)
FNDA:0,(anonymous_30)
FNDA:1,(anonymous_31)
FNDA:3,(anonymous_32)
FNDA:3,(anonymous_33)
FNDA:0,(anonymous_34)
FNDA:1,(anonymous_35)
FNDA:1,(anonymous_36)
FNDA:0,(anonymous_37)
FNDA:3,(anonymous_38)
FNDA:3,(anonymous_39)
FNDA:0,(anonymous_40)
FNDA:1,(anonymous_41)
FNDA:1,(anonymous_42)
FNDA:1,(anonymous_43)
FNDA:1,(anonymous_44)
FNDA:4,(anonymous_45)
FNDA:4,(anonymous_46)
FNDA:2,(anonymous_47)
FNDA:4,(anonymous_48)
DA:27,6
DA:28,6
DA:29,6
DA:38,5
DA:39,5
DA:40,5
DA:42,5
DA:45,5
DA:46,5
DA:47,5
DA:52,5
DA:58,0
DA:59,0
DA:71,2
DA:73,2
DA:76,2
DA:77,2
DA:78,2
DA:84,2
DA:90,2
DA:101,6
DA:103,6
DA:106,6
DA:107,6
DA:108,6
DA:112,6
DA:118,6
DA:130,2
DA:141,7
DA:142,7
DA:146,7
DA:149,7
DA:151,0
DA:152,0
DA:155,7
DA:156,5
DA:159,5
DA:163,7
DA:164,3
DA:165,4
DA:166,2
DA:168,2
DA:169,2
DA:173,5
DA:175,2
DA:176,2
DA:180,0
DA:181,0
DA:193,8
DA:196,8
DA:197,8
DA:199,8
DA:203,8
DA:206,8
DA:208,1
DA:209,1
DA:211,7
DA:212,7
DA:214,4
DA:216,4
DA:218,0
DA:219,0
DA:221,4
DA:222,4
DA:226,3
DA:227,2
DA:228,2
DA:233,7
DA:237,1
DA:238,1
DA:253,6
DA:254,6
DA:255,6
DA:256,4
DA:260,4
DA:264,4
DA:267,4
DA:268,3
DA:270,3
DA:274,3
DA:277,3
DA:279,3
DA:280,3
DA:283,0
DA:287,1
DA:291,2
DA:296,2
DA:300,2
DA:303,2
DA:304,1
DA:305,1
DA:307,1
DA:311,1
DA:314,1
DA:316,1
DA:317,1
DA:320,0
DA:324,1
DA:338,3
DA:339,3
DA:340,3
DA:346,3
DA:349,0
DA:350,0
DA:364,1
DA:365,1
DA:366,1
DA:374,1
DA:377,0
DA:378,0
DA:390,3
DA:393,3
DA:394,3
DA:395,3
DA:402,3
DA:405,3
DA:408,0
DA:412,3
DA:413,3
DA:434,1
DA:437,1
DA:438,1
DA:439,1
DA:440,0
DA:442,1
DA:445,1
DA:446,0
DA:448,1
DA:449,1
DA:450,1
DA:451,0
DA:455,1
DA:456,1
DA:457,1
DA:468,1
DA:469,1
DA:478,1
DA:487,1
DA:497,4
DA:498,4
DA:499,4
DA:501,4
DA:513,2
DA:515,2
DA:516,2
DA:517,2
DA:518,5
DA:519,0
DA:521,5
DA:522,0
DA:527,2
DA:529,2
DA:530,66
DA:532,66
DA:533,66
DA:535,66
DA:536,66
DA:537,168
DA:538,168
DA:540,66
DA:542,66
DA:550,66
DA:552,2
DA:561,4
DA:574,4
LF:165
LH:145
BRDA:45,0,0,5
BRDA:45,0,1,0
BRDA:149,1,0,0
BRDA:149,1,1,7
BRDA:155,2,0,5
BRDA:155,2,1,2
BRDA:155,3,0,7
BRDA:155,3,1,6
BRDA:163,4,0,3
BRDA:163,4,1,4
BRDA:163,5,0,7
BRDA:163,5,1,4
BRDA:165,6,0,2
BRDA:165,6,1,2
BRDA:165,7,0,4
BRDA:165,7,1,3
BRDA:173,8,0,5
BRDA:173,8,1,4
BRDA:206,9,0,1
BRDA:206,9,1,7
BRDA:211,10,0,7
BRDA:211,10,1,0
BRDA:212,11,0,4
BRDA:212,11,1,3
BRDA:212,12,0,7
BRDA:212,12,1,7
BRDA:216,13,0,0
BRDA:216,13,1,4
BRDA:226,14,0,2
BRDA:226,14,1,1
BRDA:226,15,0,3
BRDA:226,15,1,2
BRDA:255,16,0,4
BRDA:255,16,1,2
BRDA:339,17,0,3
BRDA:339,17,1,0
BRDA:365,18,0,1
BRDA:365,18,1,0
BRDA:405,19,0,3
BRDA:405,19,1,3
BRDA:408,20,0,0
BRDA:408,20,1,0
BRDA:439,21,0,0
BRDA:439,21,1,1
BRDA:445,22,0,0
BRDA:445,22,1,1
BRDA:448,23,0,1
BRDA:448,23,1,0
BRDA:449,24,0,1
BRDA:449,24,1,0
BRDA:450,25,0,0
BRDA:450,25,1,1
BRDA:457,26,0,1
BRDA:457,26,1,0
BRDA:487,27,0,0
BRDA:487,27,1,1
BRDA:518,28,0,0
BRDA:518,28,1,5
BRDA:521,29,0,0
BRDA:521,29,1,5
BRDA:561,30,0,4
BRDA:561,30,1,0
BRF:62
BRH:44
end_of_record
TN:
SF:src\common\components\chart\ChartView.js
FN:41,(anonymous_0)
FN:58,(anonymous_1)
FN:67,(anonymous_2)
FN:72,(anonymous_3)
FN:82,(anonymous_4)
FN:90,(anonymous_5)
FN:99,(anonymous_6)
FN:109,(anonymous_7)
FN:123,(anonymous_8)
FN:125,(anonymous_9)
FN:139,(anonymous_10)
FN:159,(anonymous_11)
FNF:12
FNH:10
FNDA:1,(anonymous_0)
FNDA:1,(anonymous_1)
FNDA:1,(anonymous_2)
FNDA:0,(anonymous_3)
FNDA:1,(anonymous_4)
FNDA:1,(anonymous_5)
FNDA:1,(anonymous_6)
FNDA:1,(anonymous_7)
FNDA:1,(anonymous_8)
FNDA:0,(anonymous_9)
FNDA:1,(anonymous_10)
FNDA:3,(anonymous_11)
DA:42,1
DA:43,1
DA:45,1
DA:47,1
DA:48,1
DA:50,1
DA:59,1
DA:68,1
DA:70,1
DA:71,1
DA:73,0
DA:83,1
DA:91,1
DA:100,1
DA:101,1
DA:110,1
DA:111,1
DA:112,1
DA:113,1
DA:124,1
DA:125,1
DA:126,0
DA:127,0
DA:128,0
DA:140,1
DA:146,1
DA:147,1
DA:148,1
DA:149,1
DA:160,3
DA:161,1
DA:162,1
DA:167,1
LF:33
LH:29
BRDA:43,0,0,1
BRDA:43,0,1,0
BRDA:45,1,0,1
BRDA:45,1,1,0
BRDA:47,2,0,1
BRDA:47,2,1,1
BRDA:110,3,0,1
BRDA:110,3,1,0
BRDA:127,4,0,0
BRDA:127,4,1,0
BRDA:148,5,0,1
BRDA:148,5,1,0
BRDA:160,6,0,1
BRDA:160,6,1,2
BRF:14
BRH:8
end_of_record
TN:
SF:src\common\components\chart\ChartViewModel.js
FN:28,(anonymous_0)
FN:50,(anonymous_1)
FN:53,(anonymous_2)
FN:74,(anonymous_3)
FN:88,(anonymous_4)
FN:100,(anonymous_5)
FN:127,(anonymous_6)
FN:142,(anonymous_7)
FN:152,(anonymous_8)
FN:162,(anonymous_9)
FN:203,(anonymous_10)
FN:238,(anonymous_11)
FN:248,(anonymous_12)
FN:261,(anonymous_13)
FN:280,(anonymous_14)
FN:291,(anonymous_15)
FN:367,(anonymous_16)
FN:372,(anonymous_17)
FN:379,(anonymous_18)
FN:384,(anonymous_19)
FN:393,(anonymous_20)
FN:441,(anonymous_21)
FN:466,(anonymous_22)
FN:469,(anonymous_23)
FN:495,(anonymous_24)
FN:506,(anonymous_25)
FN:520,(anonymous_26)
FN:538,(anonymous_27)
FN:557,(anonymous_28)
FN:566,(anonymous_29)
FN:579,(anonymous_30)
FN:588,(anonymous_31)
FNF:32
FNH:32
FNDA:2,(anonymous_0)
FNDA:4,(anonymous_1)
FNDA:4,(anonymous_2)
FNDA:5,(anonymous_3)
FNDA:1,(anonymous_4)
FNDA:6,(anonymous_5)
FNDA:1,(anonymous_6)
FNDA:1,(anonymous_7)
FNDA:5,(anonymous_8)
FNDA:3,(anonymous_9)
FNDA:6,(anonymous_10)
FNDA:3,(anonymous_11)
FNDA:2,(anonymous_12)
FNDA:2,(anonymous_13)
FNDA:1,(anonymous_14)
FNDA:8,(anonymous_15)
FNDA:3,(anonymous_16)
FNDA:6,(anonymous_17)
FNDA:1,(anonymous_18)
FNDA:2,(anonymous_19)
FNDA:1,(anonymous_20)
FNDA:3,(anonymous_21)
FNDA:6,(anonymous_22)
FNDA:6,(anonymous_23)
FNDA:5,(anonymous_24)
FNDA:5,(anonymous_25)
FNDA:5,(anonymous_26)
FNDA:5,(anonymous_27)
FNDA:5,(anonymous_28)
FNDA:2,(anonymous_29)
FNDA:2,(anonymous_30)
FNDA:2,(anonymous_31)
DA:29,2
DA:30,2
DA:31,2
DA:32,2
DA:38,2
DA:39,2
DA:40,2
DA:41,2
DA:51,4
DA:52,4
DA:53,4
DA:54,4
DA:55,4
DA:60,4
DA:61,2
DA:75,5
DA:76,5
DA:77,5
DA:78,5
DA:79,4
DA:80,1
DA:81,1
DA:88,5
DA:89,1
DA:101,6
DA:103,6
DA:104,6
DA:105,6
DA:106,6
DA:107,6
DA:109,6
DA:110,5
DA:111,5
DA:112,5
DA:113,5
DA:114,5
DA:115,1
DA:116,1
DA:117,1
DA:128,1
DA:129,1
DA:130,0
DA:132,1
DA:143,1
DA:153,5
DA:163,3
DA:165,3
DA:166,3
DA:167,2
DA:168,2
DA:169,1
DA:170,1
DA:171,1
DA:172,1
DA:173,5
DA:174,5
DA:176,1
DA:182,1
DA:183,5
DA:185,5
DA:186,5
DA:187,5
DA:188,5
DA:189,5
DA:191,5
DA:193,1
DA:204,6
DA:205,1
DA:206,1
DA:207,1
DA:208,1
DA:209,1
DA:210,1
DA:216,1
DA:217,2
DA:219,2
DA:220,2
DA:221,2
DA:222,2
DA:223,2
DA:225,2
DA:227,1
DA:239,3
DA:240,3
DA:249,2
DA:250,2
DA:251,2
DA:262,2
DA:263,2
DA:264,2
DA:265,2
DA:267,2
DA:269,2
DA:270,2
DA:271,2
DA:281,1
DA:282,1
DA:292,8
DA:293,6
DA:294,6
DA:295,6
DA:296,6
DA:297,6
DA:301,6
DA:318,6
DA:335,6
DA:338,6
DA:339,6
DA:340,2
DA:341,2
DA:343,2
DA:344,2
DA:346,2
DA:347,2
DA:350,6
DA:368,3
DA:369,3
DA:370,3
DA:372,3
DA:373,6
DA:374,1
DA:378,3
DA:379,3
DA:380,1
DA:381,0
DA:383,1
DA:384,1
DA:385,2
DA:386,1
DA:390,3
DA:391,3
DA:392,3
DA:393,1
DA:394,1
DA:395,1
DA:396,1
DA:400,1
DA:403,2
DA:404,2
DA:405,2
DA:408,2
DA:409,4
DA:410,4
DA:411,2
DA:412,2
DA:413,2
DA:414,2
DA:415,2
DA:418,4
DA:419,2
DA:420,2
DA:421,2
DA:425,2
DA:426,2
DA:428,3
DA:442,3
DA:443,3
DA:448,3
DA:449,3
DA:450,5
DA:451,5
DA:456,3
DA:467,6
DA:468,6
DA:469,6
DA:470,6
DA:471,6
DA:472,6
DA:473,6
DA:474,6
DA:478,6
DA:484,6
DA:486,6
DA:496,5
DA:497,5
DA:507,5
DA:508,5
DA:509,0
DA:511,5
DA:521,5
DA:522,5
DA:523,0
DA:525,5
DA:526,5
DA:529,0
DA:540,5
DA:541,0
DA:542,5
DA:544,0
DA:546,5
DA:548,5
DA:558,5
DA:559,5
DA:567,2
DA:572,2
DA:580,2
DA:589,2
DA:592,1
LF:198
LH:191
BRDA:38,0,0,2
BRDA:38,0,1,0
BRDA:52,1,0,4
BRDA:52,1,1,0
BRDA:52,2,0,4
BRDA:52,2,1,4
BRDA:54,3,0,4
BRDA:54,3,1,0
BRDA:60,4,0,2
BRDA:60,4,1,2
BRDA:76,5,0,5
BRDA:76,5,1,0
BRDA:76,6,0,5
BRDA:76,6,1,5
BRDA:78,7,0,4
BRDA:78,7,1,1
BRDA:80,8,0,1
BRDA:80,8,1,0
BRDA:104,9,0,6
BRDA:104,9,1,0
BRDA:109,10,0,5
BRDA:109,10,1,1
BRDA:115,11,0,1
BRDA:115,11,1,0
BRDA:129,12,0,0
BRDA:129,12,1,1
BRDA:163,13,0,3
BRDA:163,13,1,0
BRDA:168,14,0,1
BRDA:168,14,1,1
BRDA:204,15,0,1
BRDA:204,15,1,5
BRDA:209,16,0,1
BRDA:209,16,1,0
BRDA:249,17,0,2
BRDA:249,17,1,0
BRDA:267,18,0,2
BRDA:267,18,1,0
BRDA:269,19,0,2
BRDA:269,19,1,2
BRDA:292,20,0,6
BRDA:292,20,1,2
BRDA:303,21,0,6
BRDA:303,21,1,0
BRDA:320,22,0,6
BRDA:320,22,1,4
BRDA:339,23,0,2
BRDA:339,23,1,4
BRDA:340,24,0,2
BRDA:340,24,1,0
BRDA:343,25,0,2
BRDA:343,25,1,0
BRDA:346,26,0,2
BRDA:346,26,1,0
BRDA:373,27,0,1
BRDA:373,27,1,5
BRDA:373,28,0,6
BRDA:373,28,1,6
BRDA:380,29,0,0
BRDA:380,29,1,1
BRDA:385,30,0,1
BRDA:385,30,1,1
BRDA:392,31,0,1
BRDA:392,31,1,2
BRDA:411,32,0,2
BRDA:411,32,1,0
BRDA:418,33,0,2
BRDA:418,33,1,2
BRDA:419,34,0,2
BRDA:419,34,1,0
BRDA:442,35,0,3
BRDA:442,35,1,0
BRDA:508,36,0,0
BRDA:508,36,1,5
BRDA:521,37,0,5
BRDA:521,37,1,0
BRDA:521,38,0,5
BRDA:521,38,1,5
BRDA:521,38,2,5
BRDA:522,39,0,0
BRDA:522,39,1,5
BRDA:525,40,0,5
BRDA:525,40,1,0
BRDA:540,41,0,0
BRDA:540,41,1,5
BRDA:540,42,0,5
BRDA:540,42,1,5
BRDA:542,43,0,0
BRDA:542,43,1,5
BRDA:542,44,0,5
BRDA:542,44,1,5
BRF:91
BRH:65
end_of_record
TN:
SF:src\common\components\messagebox\MessageBox.js
FN:14,(anonymous_0)
FN:18,(anonymous_1)
FN:57,(anonymous_2)
FN:67,(anonymous_3)
FNF:4
FNH:4
FNDA:8,(anonymous_0)
FNDA:8,(anonymous_1)
FNDA:11,(anonymous_2)
FNDA:13,(anonymous_3)
DA:15,8
DA:20,8
DA:21,8
DA:22,8
DA:25,8
DA:26,8
DA:27,8
DA:28,8
DA:29,8
DA:30,8
DA:33,8
DA:34,8
DA:35,8
DA:36,8
DA:37,8
DA:40,8
DA:41,8
DA:42,8
DA:43,8
DA:44,8
DA:45,8
DA:46,8
DA:47,8
DA:49,8
DA:50,8
DA:58,11
DA:69,13
DA:70,12
DA:71,12
DA:73,1
DA:74,0
DA:75,0
DA:76,1
DA:77,1
DA:78,1
DA:80,13
DA:81,13
DA:85,1
LF:38
LH:36
BRDA:67,0,0,1
BRDA:69,1,0,12
BRDA:69,1,1,1
BRDA:73,2,0,0
BRDA:73,2,1,1
BRDA:76,3,0,1
BRDA:76,3,1,0
BRF:7
BRH:5
end_of_record
TN:
SF:src\common\components\openfile\FileModel.js
FN:13,(anonymous_0)
FN:25,(anonymous_1)
FN:35,(anonymous_2)
FNF:3
FNH:2
FNDA:1,(anonymous_0)
FNDA:1,(anonymous_1)
FNDA:0,(anonymous_2)
DA:14,1
DA:15,1
DA:16,1
DA:26,1
DA:36,0
LF:5
LH:4
BRDA:16,0,0,0
BRDA:16,0,1,1
BRDA:16,1,0,1
BRDA:16,1,1,0
BRF:4
BRH:2
end_of_record
TN:
SF:src\common\components\templates\AttributesPopContainer.js
FN:19,(anonymous_0)
FN:29,(anonymous_1)
FNF:2
FNH:2
FNDA:15,(anonymous_0)
FNDA:15,(anonymous_1)
DA:21,15
DA:23,15
DA:24,15
DA:25,15
DA:26,15
DA:30,15
DA:31,15
DA:33,15
DA:35,15
DA:36,15
DA:37,4
DA:38,4
DA:39,2
DA:41,4
DA:42,4
DA:43,4
DA:44,4
DA:45,4
DA:46,4
DA:48,4
DA:49,4
DA:50,4
DA:51,4
DA:53,15
DA:55,15
DA:59,1
LF:26
LH:26
BRDA:21,0,0,0
BRDA:21,0,1,15
BRDA:25,1,0,2
BRDA:25,1,1,13
BRDA:38,2,0,2
BRDA:38,2,1,2
BRF:6
BRH:5
end_of_record
TN:
SF:src\common\components\templates\CityTabsPage.js
FN:20,(anonymous_0)
FN:32,(anonymous_1)
FN:50,(anonymous_2)
FN:78,(anonymous_3)
FN:95,(anonymous_4)
FNF:5
FNH:4
FNDA:1,(anonymous_0)
FNDA:0,(anonymous_1)
FNDA:1,(anonymous_2)
FNDA:1,(anonymous_3)
FNDA:1,(anonymous_4)
DA:21,1
DA:23,1
DA:24,1
DA:26,1
DA:27,0
DA:28,0
DA:29,0
DA:31,1
DA:32,1
DA:34,0
DA:35,0
DA:38,0
DA:39,0
DA:52,1
DA:53,0
DA:54,0
DA:55,0
DA:56,0
DA:58,0
DA:59,0
DA:60,0
DA:63,1
DA:64,15
DA:65,15
DA:66,15
DA:69,1
DA:70,1
DA:80,1
DA:81,0
DA:84,1
DA:85,1
DA:86,1
DA:96,1
DA:98,1
DA:99,1
DA:100,1
DA:101,1
DA:103,1
DA:104,1
DA:106,1
DA:107,20
DA:108,20
DA:109,20
DA:112,1
DA:113,1
DA:115,1
DA:116,1
DA:121,1
LF:48
LH:33
BRDA:26,0,0,0
BRDA:26,0,1,1
BRDA:52,1,0,0
BRDA:52,1,1,1
BRDA:112,2,0,1
BRDA:112,2,1,0
BRF:6
BRH:3
end_of_record
TN:
SF:src\common\components\templates\CommonContainer.js
FN:18,(anonymous_0)
FN:28,(anonymous_1)
FN:53,(anonymous_2)
FN:61,(anonymous_3)
FNF:4
FNH:4
FNDA:5,(anonymous_0)
FNDA:5,(anonymous_1)
FNDA:1,(anonymous_2)
FNDA:1,(anonymous_3)
DA:19,5
DA:20,5
DA:21,5
DA:29,5
DA:30,5
DA:33,5
DA:34,5
DA:35,5
DA:36,5
DA:37,5
DA:38,5
DA:40,5
DA:41,5
DA:42,5
DA:43,5
DA:45,5
DA:46,5
DA:54,1
DA:62,1
DA:66,1
LF:20
LH:20
BRDA:20,0,0,5
BRDA:20,0,1,0
BRF:2
BRH:1
end_of_record
TN:
SF:src\common\components\templates\DropDownBox.js
FN:23,(anonymous_0)
FN:34,(anonymous_1)
FN:74,(anonymous_2)
FN:98,(anonymous_3)
FN:110,(anonymous_4)
FN:150,(anonymous_5)
FN:151,(anonymous_6)
FN:162,(anonymous_7)
FN:177,(anonymous_8)
FN:178,(anonymous_9)
FN:189,(anonymous_10)
FNF:11
FNH:7
FNDA:2,(anonymous_0)
FNDA:2,(anonymous_1)
FNDA:2,(anonymous_2)
FNDA:0,(anonymous_3)
FNDA:5,(anonymous_4)
FNDA:2,(anonymous_5)
FNDA:2,(anonymous_6)
FNDA:0,(anonymous_7)
FNDA:2,(anonymous_8)
FNDA:0,(anonymous_9)
FNDA:0,(anonymous_10)
DA:24,2
DA:25,2
DA:35,2
DA:36,2
DA:37,2
DA:38,2
DA:39,2
DA:40,2
DA:42,2
DA:43,2
DA:45,2
DA:47,2
DA:48,2
DA:49,2
DA:51,2
DA:52,2
DA:53,2
DA:55,2
DA:63,2
DA:65,2
DA:75,2
DA:76,2
DA:77,2
DA:78,2
DA:79,2
DA:81,2
DA:82,2
DA:83,2
DA:85,2
DA:86,2
DA:87,3
DA:90,2
DA:91,2
DA:93,2
DA:96,2
DA:97,2
DA:98,3
DA:99,0
DA:111,5
DA:112,5
DA:113,5
DA:114,5
DA:115,5
DA:117,5
DA:119,5
DA:120,5
DA:121,5
DA:123,5
DA:124,5
DA:125,5
DA:127,5
DA:128,0
DA:130,5
DA:132,5
DA:133,5
DA:134,5
DA:135,5
DA:136,5
DA:138,5
DA:139,5
DA:140,5
DA:141,5
DA:142,5
DA:151,2
DA:152,2
DA:153,1
DA:154,1
DA:156,1
DA:157,1
DA:159,2
DA:160,2
DA:162,2
DA:164,0
DA:165,0
DA:166,0
DA:167,0
DA:178,2
DA:179,0
DA:180,0
DA:190,0
DA:191,0
DA:192,0
DA:193,0
DA:198,1
LF:84
LH:72
BRDA:114,0,0,5
BRDA:114,0,1,0
BRDA:124,1,0,5
BRDA:124,1,1,0
BRDA:127,2,0,0
BRDA:127,2,1,5
BRDA:152,3,0,1
BRDA:152,3,1,1
BRDA:164,4,0,0
BRDA:164,4,1,0
BRDA:190,5,0,0
BRDA:190,5,1,0
BRDA:191,6,0,0
BRDA:191,6,1,0
BRDA:192,7,0,0
BRDA:192,7,1,0
BRF:16
BRH:5
end_of_record
TN:
SF:src\common\components\templates\IndexTabsPageContainer.js
FN:17,(anonymous_0)
FN:26,(anonymous_1)
FN:48,(anonymous_2)
FN:58,(anonymous_3)
FN:83,(anonymous_4)
FN:92,(anonymous_5)
FN:99,(anonymous_6)
FNF:7
FNH:6
FNDA:2,(anonymous_0)
FNDA:2,(anonymous_1)
FNDA:1,(anonymous_2)
FNDA:1,(anonymous_3)
FNDA:1,(anonymous_4)
FNDA:1,(anonymous_5)
FNDA:0,(anonymous_6)
DA:18,2
DA:19,2
DA:27,2
DA:28,2
DA:30,2
DA:31,2
DA:33,2
DA:34,2
DA:35,2
DA:37,2
DA:38,2
DA:39,2
DA:49,1
DA:50,1
DA:59,1
DA:60,1
DA:61,1
DA:62,1
DA:64,1
DA:65,1
DA:66,1
DA:67,1
DA:69,1
DA:70,1
DA:74,1
DA:75,1
DA:84,1
DA:85,1
DA:93,1
DA:94,0
DA:95,0
DA:100,0
DA:101,0
DA:102,0
DA:103,0
DA:104,0
DA:105,0
DA:106,0
DA:113,1
LF:39
LH:30
BRDA:104,0,0,0
BRDA:104,0,1,0
BRF:2
BRH:0
end_of_record
TN:
SF:src\common\components\templates\NavTabsPage.js
FN:19,(anonymous_0)
FN:31,(anonymous_1)
FN:66,(anonymous_2)
FN:76,(anonymous_3)
FN:101,(anonymous_4)
FN:110,(anonymous_5)
FN:117,(anonymous_6)
FNF:7
FNH:6
FNDA:2,(anonymous_0)
FNDA:2,(anonymous_1)
FNDA:1,(anonymous_2)
FNDA:2,(anonymous_3)
FNDA:1,(anonymous_4)
FNDA:1,(anonymous_5)
FNDA:0,(anonymous_6)
DA:20,2
DA:21,2
DA:22,2
DA:23,2
DA:24,2
DA:32,2
DA:33,2
DA:36,2
DA:37,2
DA:38,2
DA:39,2
DA:42,2
DA:43,2
DA:44,2
DA:45,2
DA:48,2
DA:49,2
DA:50,2
DA:51,2
DA:54,2
DA:55,1
DA:58,2
DA:67,1
DA:68,1
DA:77,2
DA:78,3
DA:79,3
DA:80,3
DA:82,3
DA:83,3
DA:84,3
DA:85,3
DA:87,3
DA:88,3
DA:92,2
DA:93,2
DA:102,1
DA:103,1
DA:111,1
DA:112,0
DA:113,0
DA:118,0
DA:119,0
DA:120,0
DA:121,0
DA:122,0
DA:123,0
DA:124,0
DA:131,1
LF:49
LH:40
BRDA:23,0,0,2
BRDA:23,0,1,0
BRDA:54,1,0,1
BRDA:54,1,1,1
BRDA:122,2,0,0
BRDA:122,2,1,0
BRF:6
BRH:3
end_of_record
TN:
SF:src\common\components\templates\PaginationContainer.js
FN:19,(anonymous_0)
FN:37,(anonymous_1)
FN:45,(anonymous_2)
FN:78,(anonymous_3)
FN:88,(anonymous_4)
FN:96,(anonymous_5)
FN:108,(anonymous_6)
FN:125,(anonymous_7)
FN:149,(anonymous_8)
FN:177,(anonymous_9)
FN:188,(anonymous_10)
FN:217,(anonymous_11)
FN:246,(anonymous_12)
FN:268,(anonymous_13)
FNF:14
FNH:12
FNDA:1,(anonymous_0)
FNDA:2,(anonymous_1)
FNDA:1,(anonymous_2)
FNDA:3,(anonymous_3)
FNDA:3,(anonymous_4)
FNDA:3,(anonymous_5)
FNDA:2,(anonymous_6)
FNDA:2,(anonymous_7)
FNDA:2,(anonymous_8)
FNDA:2,(anonymous_9)
FNDA:1,(anonymous_10)
FNDA:0,(anonymous_11)
FNDA:2,(anonymous_12)
FNDA:0,(anonymous_13)
DA:20,1
DA:21,1
DA:22,1
DA:23,1
DA:24,1
DA:25,1
DA:27,1
DA:28,1
DA:29,1
DA:38,2
DA:46,1
DA:47,1
DA:50,1
DA:51,1
DA:52,1
DA:53,1
DA:56,1
DA:57,1
DA:58,1
DA:59,1
DA:60,1
DA:61,1
DA:63,1
DA:64,0
DA:66,1
DA:67,0
DA:69,1
DA:79,3
DA:80,3
DA:89,3
DA:97,3
DA:98,2
DA:110,2
DA:111,2
DA:112,2
DA:115,2
DA:117,2
DA:126,2
DA:127,2
DA:128,2
DA:132,2
DA:134,2
DA:135,2
DA:136,2
DA:137,2
DA:139,0
DA:140,0
DA:151,2
DA:152,2
DA:155,2
DA:157,2
DA:159,2
DA:160,2
DA:165,2
DA:167,2
DA:168,1
DA:178,2
DA:179,1
DA:189,1
DA:190,4
DA:191,4
DA:192,4
DA:193,4
DA:194,4
DA:195,1
DA:196,1
DA:197,3
DA:198,1
DA:199,1
DA:200,2
DA:201,1
DA:202,1
DA:203,1
DA:204,1
DA:205,1
DA:208,4
DA:219,0
DA:221,0
DA:222,0
DA:225,0
DA:226,0
DA:227,0
DA:228,0
DA:230,0
DA:234,0
DA:238,0
DA:239,0
DA:247,2
DA:248,2
DA:249,2
DA:250,2
DA:252,2
DA:253,2
DA:254,2
DA:256,2
DA:257,2
DA:258,2
DA:269,0
DA:270,0
DA:271,0
DA:272,0
DA:273,0
DA:274,0
DA:275,0
DA:277,0
DA:278,0
DA:280,0
DA:283,0
DA:284,0
DA:285,0
DA:289,0
DA:290,0
DA:291,0
DA:293,0
DA:295,0
DA:296,0
DA:300,0
DA:301,0
DA:306,0
DA:307,0
DA:313,1
LF:121
LH:83
BRDA:20,0,0,0
BRDA:20,0,1,1
BRDA:27,1,0,0
BRDA:27,1,1,1
BRDA:28,2,0,0
BRDA:28,2,1,1
BRDA:63,3,0,0
BRDA:63,3,1,1
BRDA:66,4,0,0
BRDA:66,4,1,1
BRDA:136,5,0,2
BRDA:136,5,1,0
BRDA:159,6,0,2
BRDA:159,6,1,0
BRDA:167,7,0,1
BRDA:167,7,1,1
BRDA:194,8,0,1
BRDA:194,8,1,3
BRDA:197,9,0,1
BRDA:197,9,1,2
BRDA:200,10,0,1
BRDA:200,10,1,1
BRDA:203,11,0,1
BRDA:203,11,1,0
BRDA:221,12,0,0
BRDA:221,12,1,0
BRDA:225,13,0,0
BRDA:225,13,1,0
BRDA:227,14,0,0
BRDA:227,14,1,0
BRDA:252,15,0,2
BRDA:252,15,1,0
BRDA:256,16,0,2
BRDA:256,16,1,0
BRDA:270,17,0,0
BRDA:270,17,1,0
BRDA:272,18,0,0
BRDA:272,18,1,0
BRDA:274,19,0,0
BRDA:274,19,1,0
BRDA:277,20,0,0
BRDA:277,20,1,0
BRDA:283,21,0,0
BRDA:283,21,1,0
BRDA:289,22,0,0
BRDA:289,22,1,0
BRDA:293,23,0,0
BRDA:293,23,1,0
BRDA:306,24,0,0
BRDA:306,24,1,0
BRF:50
BRH:18
end_of_record
TN:
SF:src\common\components\templates\PopContainer.js
FN:18,(anonymous_0)
FN:29,(anonymous_1)
FN:63,(anonymous_2)
FNF:3
FNH:3
FNDA:15,(anonymous_0)
FNDA:15,(anonymous_1)
FNDA:15,(anonymous_2)
DA:19,15
DA:20,15
DA:21,15
DA:22,15
DA:30,15
DA:31,15
DA:34,15
DA:35,15
DA:36,15
DA:37,15
DA:38,15
DA:39,15
DA:41,15
DA:42,15
DA:43,15
DA:44,15
DA:45,15
DA:48,15
DA:49,15
DA:50,15
DA:52,15
DA:54,15
DA:64,15
DA:69,1
LF:24
LH:24
BRDA:19,0,0,15
BRDA:19,0,1,0
BRDA:21,1,0,15
BRDA:21,1,1,0
BRF:4
BRH:2
end_of_record
TN:
SF:src\common\components\templates\Select.js
FN:20,(anonymous_0)
FN:25,(anonymous_1)
FN:57,(anonymous_2)
FN:70,(anonymous_3)
FN:71,(anonymous_4)
FN:82,(anonymous_5)
FN:90,(anonymous_6)
FN:102,(anonymous_7)
FN:113,(anonymous_8)
FN:116,(anonymous_9)
FNF:10
FNH:6
FNDA:14,(anonymous_0)
FNDA:14,(anonymous_1)
FNDA:14,(anonymous_2)
FNDA:14,(anonymous_3)
FNDA:0,(anonymous_4)
FNDA:0,(anonymous_5)
FNDA:0,(anonymous_6)
FNDA:173,(anonymous_7)
FNDA:20,(anonymous_8)
FNDA:0,(anonymous_9)
DA:21,14
DA:22,14
DA:26,14
DA:28,14
DA:29,12
DA:30,12
DA:33,14
DA:34,14
DA:36,14
DA:37,14
DA:38,14
DA:40,14
DA:41,14
DA:42,14
DA:43,14
DA:44,14
DA:45,14
DA:46,14
DA:47,14
DA:49,14
DA:50,14
DA:58,14
DA:59,49
DA:60,49
DA:61,49
DA:71,14
DA:72,0
DA:73,0
DA:74,0
DA:76,0
DA:77,0
DA:79,0
DA:80,0
DA:82,14
DA:84,0
DA:85,0
DA:86,0
DA:87,0
DA:90,14
DA:92,0
DA:93,0
DA:103,173
DA:104,173
DA:105,173
DA:106,173
DA:114,20
DA:115,81
DA:116,81
DA:117,0
DA:118,0
DA:119,0
DA:120,0
DA:122,0
DA:128,1
LF:54
LH:36
BRDA:28,0,0,12
BRDA:28,0,1,2
BRDA:72,1,0,0
BRDA:72,1,1,0
BRDA:84,2,0,0
BRDA:84,2,1,0
BRDA:103,3,0,173
BRDA:103,3,1,0
BRDA:104,4,0,173
BRDA:104,4,1,173
BRDA:105,5,0,173
BRDA:105,5,1,159
BRDA:119,6,0,0
BRDA:119,6,1,0
BRDA:122,7,0,0
BRDA:122,7,1,0
BRF:16
BRH:7
end_of_record
TN:
SF:src\common\components\templates\TemplateBase.js
FN:15,(anonymous_0)
FN:35,(anonymous_1)
FN:49,(anonymous_2)
FN:57,(anonymous_3)
FN:65,(anonymous_4)
FNF:5
FNH:4
FNDA:41,(anonymous_0)
FNDA:38,(anonymous_1)
FNDA:0,(anonymous_2)
FNDA:6,(anonymous_3)
FNDA:2,(anonymous_4)
DA:16,41
DA:21,41
DA:27,41
DA:37,38
DA:38,0
DA:41,38
DA:58,6
DA:66,2
DA:70,1
LF:9
LH:8
BRDA:16,0,0,40
BRDA:16,0,1,1
BRDA:21,1,0,0
BRDA:21,1,1,41
BRDA:37,2,0,0
BRDA:37,2,1,38
BRF:6
BRH:4
end_of_record
TN:
SF:src\common\components\util\FileReaderUtil.js
FN:30,(anonymous_0)
FN:45,(anonymous_1)
FN:47,(anonymous_2)
FN:50,(anonymous_3)
FN:63,(anonymous_4)
FN:65,(anonymous_5)
FN:79,(anonymous_6)
FN:96,(anonymous_7)
FN:128,(anonymous_8)
FN:176,(anonymous_9)
FN:187,(anonymous_10)
FN:198,(anonymous_11)
FNF:12
FNH:6
FNDA:1,(anonymous_0)
FNDA:1,(anonymous_1)
FNDA:1,(anonymous_2)
FNDA:0,(anonymous_3)
FNDA:0,(anonymous_4)
[...]
DA:56,0
DA:65,0
DA:66,0
DA:67,0
DA:79,0
DA:83,0
DA:84,0
DA:86,0
DA:87,0
DA:88,0
DA:90,0
DA:91,0
DA:101,0
LF:18
LH:0
BRDA:83,0,0,0
BRDA:83,0,1,0
BRDA:86,1,0,0
BRDA:86,1,1,0
BRDA:87,2,0,0
BRDA:87,2,1,0
BRDA:88,3,0,0
BRDA:88,3,1,0
BRDA:90,4,0,0
BRDA:90,4,1,0
BRDA:101,5,0,0
BRDA:101,5,1,0
BRF:12
BRH:0
end_of_record
TN:
SF:src\openlayers\services\DataFlowService.js
FN:28,(anonymous_0)
FN:53,(anonymous_1)
FN:63,(anonymous_2)
FN:71,(anonymous_3)
FN:81,(anonymous_4)
FN:92,(anonymous_5)
FN:102,(anonymous_6)
FN:110,(anonymous_7)
FN:114,(anonymous_8)
FNF:9
FNH:9
FNDA:12,(anonymous_0)
FNDA:4,(anonymous_1)
FNDA:4,(anonymous_2)
FNDA:8,(anonymous_3)
FNDA:1,(anonymous_4)
FNDA:1,(anonymous_5)
FNDA:6,(anonymous_6)
FNDA:6,(anonymous_7)
FNDA:22,(anonymous_8)
DA:29,12
DA:30,12
DA:31,0
DA:33,12
DA:34,12
DA:35,12
DA:54,4
DA:55,4
DA:64,4
DA:72,8
DA:73,8
DA:82,1
DA:83,1
DA:84,1
DA:93,1
DA:94,1
DA:95,1
DA:103,6
DA:111,6
DA:115,22
LF:20
LH:19
BRDA:29,0,0,12
BRDA:29,0,1,6
BRDA:30,1,0,0
BRDA:30,1,1,12
BRDA:115,2,0,22
BRDA:115,2,1,4
BRF:6
BRH:5
end_of_record
TN:
SF:src\openlayers\services\DatasetService.js
FN:26,(anonymous_0)
FN:40,(anonymous_1)
FN:71,(anonymous_2)
FN:100,(anonymous_3)
FN:144,(anonymous_4)
FNF:5
FNH:5
FNDA:6,(anonymous_0)
FNDA:1,(anonymous_1)
FNDA:2,(anonymous_2)
FNDA:2,(anonymous_3)
FNDA:1,(anonymous_4)
DA:27,6
DA:41,1
DA:42,0
DA:44,1
DA:45,1
DA:57,1
DA:72,2
DA:73,0
DA:75,2
DA:76,2
DA:87,2
DA:101,2
DA:102,0
DA:103,2
DA:104,1
DA:108,1
DA:109,1
DA:117,2
DA:118,2
DA:119,2
DA:130,2
DA:145,1
DA:146,1
DA:147,1
DA:158,1
LF:25
LH:22
BRDA:41,0,0,0
BRDA:41,0,1,1
BRDA:72,1,0,0
BRDA:72,1,1,2
BRDA:72,2,0,2
BRDA:72,2,1,2
BRDA:101,3,0,0
BRDA:101,3,1,2
BRDA:101,4,0,2
BRDA:101,4,1,1
BRDA:103,5,0,1
BRDA:103,5,1,1
BRDA:108,6,0,1
BRDA:108,6,1,0
BRF:14
BRH:10
end_of_record
TN:
SF:src\openlayers\services\DatasourceService.js
FN:24,(anonymous_0)
FN:37,(anonymous_1)
FN:63,(anonymous_2)
FN:92,(anonymous_3)
FNF:4
FNH:4
FNDA:4,(anonymous_0)
FNDA:1,(anonymous_1)
FNDA:2,(anonymous_2)
FNDA:1,(anonymous_3)
DA:25,4
DA:38,1
DA:39,1
DA:50,1
DA:64,2
DA:65,0
DA:67,2
DA:68,2
DA:79,2
DA:93,1
DA:94,0
DA:96,1
DA:101,1
DA:102,1
DA:103,1
DA:114,1
LF:16
LH:14
BRDA:64,0,0,0
BRDA:64,0,1,2
BRDA:93,1,0,0
BRDA:93,1,1,1
BRF:4
BRH:2
end_of_record
TN:
SF:src\openlayers\services\FeatureService.js
FN:42,(anonymous_0)
FN:53,(anonymous_1)
FN:78,(anonymous_2)
FN:102,(anonymous_3)
FN:126,(anonymous_4)
FN:151,(anonymous_5)
FN:174,(anonymous_6)
FN:198,(anonymous_7)
FN:218,(anonymous_8)
FN:230,(anonymous_9)
FN:251,(anonymous_10)
FNF:11
FNH:11
FNDA:32,(anonymous_0)
FNDA:6,(anonymous_1)
FNDA:5,(anonymous_2)
FNDA:3,(anonymous_3)
FNDA:7,(anonymous_4)
FNDA:5,(anonymous_5)
FNDA:5,(anonymous_6)
FNDA:31,(anonymous_7)
FNDA:3,(anonymous_8)
FNDA:4,(anonymous_9)
FNDA:26,(anonymous_10)
DA:43,32
DA:54,6
DA:55,6
DA:67,6
DA:79,5
DA:80,5
DA:92,5
DA:103,3
DA:104,3
DA:116,3
DA:127,7
DA:128,7
DA:141,7
DA:152,5
DA:153,5
DA:165,5
DA:175,5
DA:176,0
DA:178,5
DA:179,5
DA:180,5
DA:181,5
DA:182,5
DA:184,5
DA:195,5
DA:199,31
DA:200,0
DA:202,31
DA:203,31
DA:204,31
DA:205,31
DA:206,31
DA:207,5
DA:209,31
DA:210,8
DA:212,31
DA:213,5
DA:215,31
DA:216,3
DA:217,3
DA:218,2
DA:219,3
DA:220,3
DA:223,1
DA:225,3
DA:227,31
DA:231,4
DA:232,4
DA:233,4
DA:234,4
DA:235,4
DA:236,13
DA:237,4
DA:239,9
DA:240,9
DA:242,4
DA:243,4
DA:244,4
DA:245,1
DA:247,4
DA:248,4
DA:252,26
LF:62
LH:60
BRDA:175,0,0,0
BRDA:175,0,1,5
BRDA:175,1,0,5
BRDA:175,1,1,5
BRDA:175,1,2,5
BRDA:199,2,0,0
BRDA:199,2,1,31
BRDA:203,3,0,0
BRDA:203,3,1,31
BRDA:204,4,0,3
BRDA:204,4,1,28
BRDA:205,5,0,26
BRDA:205,5,1,5
BRDA:206,6,0,5
BRDA:206,6,1,26
BRDA:209,7,0,8
BRDA:209,7,1,23
BRDA:212,8,0,5
BRDA:212,8,1,26
BRDA:215,9,0,3
BRDA:215,9,1,28
BRDA:217,10,0,2
BRDA:217,10,1,1
BRDA:236,11,0,4
BRDA:236,11,1,9
BRDA:244,12,0,1
BRDA:244,12,1,3
BRDA:252,13,0,0
BRDA:252,13,1,26
BRF:29
BRH:25
end_of_record
TN:
SF:src\openlayers\services\FieldService.js
FN:26,(anonymous_0)
FN:36,(anonymous_1)
FN:60,(anonymous_2)
FN:70,(anonymous_3)
FN:76,(anonymous_4)
FN:94,(anonymous_5)
FNF:6
FNH:6
FNDA:4,(anonymous_0)
FNDA:2,(anonymous_1)
FNDA:2,(anonymous_2)
FNDA:12,(anonymous_3)
FNDA:12,(anonymous_4)
FNDA:6,(anonymous_5)
DA:27,4
DA:37,2
DA:38,2
DA:51,2
DA:61,2
DA:62,2
DA:63,2
DA:64,2
DA:65,0
DA:67,2
DA:68,2
DA:70,2
DA:71,12
DA:72,12
DA:77,12
DA:78,12
DA:91,12
DA:95,6
DA:96,6
DA:97,6
DA:98,6
DA:99,6
DA:100,6
DA:103,6
DA:104,32
DA:105,5
DA:106,5
DA:109,6
DA:110,1
LF:29
LH:28
BRDA:64,0,0,0
BRDA:64,0,1,2
BRDA:64,1,0,2
BRDA:64,1,1,2
BRDA:98,2,0,6
BRDA:98,2,1,0
BRDA:99,3,0,6
BRDA:99,3,1,0
BRDA:104,4,0,5
BRDA:104,4,1,27
BRDA:109,5,0,1
BRDA:109,5,1,5
BRF:12
BRH:9
end_of_record
TN:
SF:src\openlayers\services\GeoprocessingService.js
FN:31,(anonymous_0)
FN:44,(anonymous_1)
FN:66,(anonymous_2)
FN:90,(anonymous_3)
FN:114,(anonymous_4)
FN:140,(anonymous_5)
FN:163,(anonymous_6)
FN:186,(anonymous_7)
FN:208,(anonymous_8)
FN:232,(anonymous_9)
FNF:10
FNH:10
FNDA:11,(anonymous_0)
FNDA:1,(anonymous_1)
FNDA:1,(anonymous_2)
FNDA:1,(anonymous_3)
FNDA:1,(anonymous_4)
FNDA:1,(anonymous_5)
FNDA:1,(anonymous_6)
FNDA:1,(anonymous_7)
FNDA:2,(anonymous_8)
FNDA:2,(anonymous_9)
DA:32,11
DA:33,11
DA:34,11
DA:35,11
DA:36,11
DA:45,1
DA:57,1
DA:67,1
DA:79,1
DA:91,1
DA:103,1
DA:115,1
DA:127,1
DA:141,1
DA:153,1
DA:164,1
DA:176,1
DA:187,1
DA:199,1
DA:209,2
DA:221,2
DA:233,2
DA:245,2
LF:23
LH:23
BRF:0
BRH:0
end_of_record
TN:
SF:src\openlayers\services\GridCellInfosService.js
FN:28,(anonymous_0)
FN:37,(anonymous_1)
FNF:2
FNH:2
FNDA:2,(anonymous_0)
FNDA:1,(anonymous_1)
DA:29,2
DA:38,1
DA:39,0
DA:41,1
DA:42,1
DA:53,1
LF:6
LH:5
BRDA:38,0,0,0
BRDA:38,0,1,1
BRF:2
BRH:1
end_of_record
TN:
SF:src\openlayers\services\ImageCollectionService.js
FN:28,(anonymous_0)
FN:38,(anonymous_1)
FN:60,(anonymous_2)
FN:82,(anonymous_3)
FN:105,(anonymous_4)
FN:128,(anonymous_5)
FNF:6
FNH:6
FNDA:10,(anonymous_0)
FNDA:2,(anonymous_1)
FNDA:2,(anonymous_2)
FNDA:2,(anonymous_3)
FNDA:2,(anonymous_4)
FNDA:2,(anonymous_5)
DA:29,10
DA:39,2
DA:40,2
DA:52,2
DA:61,2
DA:62,2
DA:74,2
DA:83,2
DA:84,2
DA:96,2
DA:106,2
DA:107,2
DA:119,2
DA:129,2
DA:130,2
DA:142,2
LF:16
LH:16
BRF:0
BRH:0
end_of_record
TN:
SF:src\openlayers\services\ImageService.js
FN:27,(anonymous_0)
FN:36,(anonymous_1)
FN:58,(anonymous_2)
FN:80,(anonymous_3)
FNF:4
FNH:4
FNDA:6,(anonymous_0)
FNDA:2,(anonymous_1)
FNDA:2,(anonymous_2)
FNDA:2,(anonymous_3)
DA:28,6
DA:37,2
DA:38,2
DA:49,2
DA:59,2
DA:60,2
DA:71,2
DA:81,2
DA:82,2
DA:93,2
LF:10
LH:10
BRF:0
BRH:0
end_of_record
TN:
SF:src\openlayers\services\LayerInfoService.js
FN:32,(anonymous_0)
FN:41,(anonymous_1)
FN:62,(anonymous_2)
FN:93,(anonymous_3)
FN:125,(anonymous_4)
FNF:5
FNH:5
FNDA:5,(anonymous_0)
FNDA:1,(anonymous_1)
FNDA:1,(anonymous_2)
FNDA:2,(anonymous_3)
FNDA:1,(anonymous_4)
DA:33,5
DA:42,1
DA:43,1
DA:53,1
DA:63,1
DA:64,0
DA:66,1
DA:67,1
DA:68,1
DA:69,1
DA:70,1
DA:71,0
DA:73,1
DA:74,1
DA:84,1
DA:94,2
DA:95,0
DA:97,2
DA:98,2
DA:99,2
DA:100,2
DA:101,2
DA:102,0
DA:104,2
DA:116,2
DA:126,1
DA:127,0
DA:129,1
DA:130,1
DA:140,1
LF:30
LH:25
BRDA:63,0,0,0
BRDA:63,0,1,1
BRDA:70,1,0,0
BRDA:70,1,1,1
BRDA:70,2,0,1
BRDA:70,2,1,1
BRDA:94,3,0,0
BRDA:94,3,1,2
BRDA:99,4,0,1
BRDA:99,4,1,1
BRDA:101,5,0,0
BRDA:101,5,1,2
BRDA:101,6,0,2
BRDA:101,6,1,1
BRDA:101,6,2,2
BRDA:126,7,0,0
BRDA:126,7,1,1
BRF:17
BRH:12
end_of_record
TN:
SF:src\openlayers\services\MapService.js
FN:26,(anonymous_0)
FN:36,(anonymous_1)
FN:58,(anonymous_2)
FNF:3
FNH:3
FNDA:15,(anonymous_0)
FNDA:7,(anonymous_1)
FNDA:8,(anonymous_2)
DA:27,15
DA:37,7
DA:38,7
DA:49,7
DA:59,8
DA:60,8
DA:71,8
LF:7
LH:7
BRF:0
BRH:0
end_of_record
TN:
SF:src\openlayers\services\MeasureService.js
FN:23,(anonymous_0)
FN:33,(anonymous_1)
FN:43,(anonymous_2)
FN:55,(anonymous_3)
FN:72,(anonymous_4)
FNF:5
FNH:5
FNDA:4,(anonymous_0)
FNDA:2,(anonymous_1)
FNDA:2,(anonymous_2)
FNDA:4,(anonymous_3)
FNDA:4,(anonymous_4)
DA:24,4
DA:34,2
DA:44,2
DA:56,4
DA:57,4
DA:69,4
DA:73,4
DA:74,4
DA:76,4
LF:9
LH:9
BRDA:73,0,0,4
BRDA:73,0,1,0
BRDA:73,1,0,4
BRDA:73,1,1,4
BRF:4
BRH:3
end_of_record
TN:
SF:src\openlayers\services\NetworkAnalyst3DService.js
FN:34,(anonymous_0)
FN:45,(anonymous_1)
FN:69,(anonymous_2)
FN:94,(anonymous_3)
FN:118,(anonymous_4)
FN:142,(anonymous_5)
FNF:6
FNH:0
FNDA:0,(anonymous_0)
FNDA:0,(anonymous_1)
FNDA:0,(anonymous_2)
FNDA:0,(anonymous_3)
FNDA:0,(anonymous_4)
FNDA:0,(anonymous_5)
DA:35,0
DA:46,0
DA:47,0
DA:59,0
DA:70,0
DA:71,0
DA:83,0
DA:95,0
DA:96,0
DA:108,0
DA:119,0
DA:120,0
DA:132,0
DA:143,0
DA:144,0
DA:156,0
LF:16
LH:0
BRF:0
BRH:0
end_of_record
TN:
SF:src\openlayers\services\NetworkAnalystService.js
FN:43,(anonymous_0)
FN:53,(anonymous_1)
FN:76,(anonymous_2)
FN:100,(anonymous_3)
FN:125,(anonymous_4)
FN:150,(anonymous_5)
FN:175,(anonymous_6)
FN:200,(anonymous_7)
FN:225,(anonymous_8)
FN:250,(anonymous_9)
FN:274,(anonymous_10)
FN:297,(anonymous_11)
FN:314,(anonymous_12)
FN:319,(anonymous_13)
FN:329,(anonymous_14)
FN:343,(anonymous_15)
FN:354,(anonymous_16)
FN:372,(anonymous_17)
FNF:18
FNH:17
FNDA:11,(anonymous_0)
FNDA:1,(anonymous_1)
FNDA:1,(anonymous_2)
FNDA:1,(anonymous_3)
FNDA:1,(anonymous_4)
FNDA:1,(anonymous_5)
FNDA:1,(anonymous_6)
FNDA:1,(anonymous_7)
FNDA:1,(anonymous_8)
FNDA:1,(anonymous_9)
FNDA:1,(anonymous_10)
FNDA:1,(anonymous_11)
FNDA:9,(anonymous_12)
FNDA:4,(anonymous_13)
FNDA:10,(anonymous_14)
FNDA:3,(anonymous_15)
FNDA:0,(anonymous_16)
FNDA:7,(anonymous_17)
DA:44,11
DA:54,1
DA:55,1
DA:67,1
DA:77,1
DA:78,1
DA:90,1
DA:101,1
DA:102,1
DA:115,1
DA:126,1
DA:127,1
DA:140,1
DA:151,1
DA:152,1
DA:165,1
DA:176,1
DA:177,1
DA:190,1
DA:201,1
DA:202,1
DA:215,1
DA:226,1
DA:227,1
DA:240,1
DA:251,1
DA:252,1
DA:265,1
DA:275,1
DA:276,1
DA:288,1
DA:298,1
DA:299,1
DA:311,1
DA:315,9
DA:316,0
DA:318,9
DA:319,2
DA:320,4
DA:324,4
DA:328,9
DA:329,4
DA:330,10
DA:334,10
DA:338,9
DA:339,1
DA:342,9
DA:343,1
DA:344,3
DA:348,3
DA:351,9
DA:352,0
DA:353,0
DA:354,0
DA:355,0
DA:359,0
DA:362,0
DA:368,9
DA:373,7
LF:59
LH:52
BRDA:315,0,0,0
BRDA:315,0,1,9
BRDA:318,1,0,2
BRDA:318,1,1,7
BRDA:318,2,0,9
BRDA:318,2,1,2
BRDA:320,3,0,4
BRDA:320,3,1,0
BRDA:328,4,0,4
BRDA:328,4,1,5
BRDA:328,5,0,9
BRDA:328,5,1,4
BRDA:330,6,0,8
BRDA:330,6,1,2
BRDA:338,7,0,1
BRDA:338,7,1,8
BRDA:338,8,0,9
BRDA:338,8,1,1
BRDA:342,9,0,1
BRDA:342,9,1,8
BRDA:342,10,0,9
BRDA:342,10,1,1
BRDA:344,11,0,3
BRDA:344,11,1,0
BRDA:351,12,0,0
BRDA:351,12,1,9
BRDA:351,13,0,9
BRDA:351,13,1,6
BRDA:353,14,0,0
BRDA:353,14,1,0
BRDA:355,15,0,0
BRDA:355,15,1,0
BRDA:362,16,0,0
BRDA:362,16,1,0
BRDA:373,17,0,0
BRDA:373,17,1,7
BRF:36
BRH:25
end_of_record
TN:
SF:src\openlayers\services\ProcessingService.js
FN:38,(anonymous_0)
FN:57,(anonymous_1)
FN:83,(anonymous_2)
FN:110,(anonymous_3)
FN:122,(anonymous_4)
FN:137,(anonymous_5)
FN:147,(anonymous_6)
FN:173,(anonymous_7)
FN:200,(anonymous_8)
FN:212,(anonymous_9)
FN:227,(anonymous_10)
FN:237,(anonymous_11)
FN:263,(anonymous_12)
FN:290,(anonymous_13)
FN:302,(anonymous_14)
FN:317,(anonymous_15)
FN:327,(anonymous_16)
FN:353,(anonymous_17)
FN:380,(anonymous_18)
FN:392,(anonymous_19)
FN:407,(anonymous_20)
FN:417,(anonymous_21)
FN:443,(anonymous_22)
FN:470,(anonymous_23)
FN:484,(anonymous_24)
FN:499,(anonymous_25)
FN:509,(anonymous_26)
FN:535,(anonymous_27)
FN:562,(anonymous_28)
FN:576,(anonymous_29)
FN:591,(anonymous_30)
FN:601,(anonymous_31)
FN:627,(anonymous_32)
FN:654,(anonymous_33)
FN:668,(anonymous_34)
FN:683,(anonymous_35)
FN:693,(anonymous_36)
FN:719,(anonymous_37)
FN:746,(anonymous_38)
FN:760,(anonymous_39)
FN:775,(anonymous_40)
FN:785,(anonymous_41)
FN:811,(anonymous_42)
FN:838,(anonymous_43)
FN:852,(anonymous_44)
FN:867,(anonymous_45)
FN:871,(anonymous_46)
FN:875,(anonymous_47)
FNF:48
FNH:43
FNDA:30,(anonymous_0)
FNDA:1,(anonymous_1)
FNDA:1,(anonymous_2)
FNDA:3,(anonymous_3)
FNDA:3,(anonymous_4)
FNDA:3,(anonymous_5)
FNDA:1,(anonymous_6)
FNDA:1,(anonymous_7)
FNDA:3,(anonymous_8)
FNDA:3,(anonymous_9)
FNDA:3,(anonymous_10)
FNDA:1,(anonymous_11)
FNDA:1,(anonymous_12)
FNDA:1,(anonymous_13)
FNDA:1,(anonymous_14)
FNDA:1,(anonymous_15)
FNDA:1,(anonymous_16)
FNDA:1,(anonymous_17)
FNDA:3,(anonymous_18)
FNDA:3,(anonymous_19)
FNDA:3,(anonymous_20)
FNDA:1,(anonymous_21)
FNDA:1,(anonymous_22)
FNDA:1,(anonymous_23)
FNDA:1,(anonymous_24)
FNDA:1,(anonymous_25)
FNDA:1,(anonymous_26)
FNDA:1,(anonymous_27)
FNDA:1,(anonymous_28)
FNDA:1,(anonymous_29)
FNDA:1,(anonymous_30)
FNDA:1,(anonymous_31)
FNDA:1,(anonymous_32)
FNDA:1,(anonymous_33)
FNDA:1,(anonymous_34)
FNDA:1,(anonymous_35)
FNDA:1,(anonymous_36)
FNDA:1,(anonymous_37)
FNDA:1,(anonymous_38)
FNDA:1,(anonymous_39)
FNDA:1,(anonymous_40)
FNDA:0,(anonymous_41)
FNDA:0,(anonymous_42)
FNDA:0,(anonymous_43)
FNDA:0,(anonymous_44)
FNDA:0,(anonymous_45)
FNDA:30,(anonymous_46)
FNDA:14,(anonymous_47)
DA:39,30
DA:40,30
DA:41,30
DA:42,30
DA:43,30
DA:44,30
DA:45,30
DA:46,30
DA:47,30
DA:48,30
DA:58,1
DA:59,1
DA:60,1
DA:73,1
DA:84,1
DA:85,1
DA:86,1
DA:99,1
DA:111,3
DA:112,3
DA:113,3
DA:114,3
DA:123,3
DA:128,3
DA:138,3
DA:148,1
DA:149,1
DA:150,1
DA:163,1
DA:174,1
DA:175,1
DA:176,1
DA:189,1
DA:201,3
DA:202,3
DA:203,3
DA:204,3
DA:213,3
DA:218,3
DA:228,3
DA:238,1
DA:239,1
DA:240,1
DA:253,1
DA:264,1
DA:265,1
DA:266,1
DA:279,1
DA:291,1
DA:292,1
DA:293,1
DA:294,1
DA:303,1
DA:308,1
DA:318,1
DA:328,1
DA:329,1
DA:330,1
DA:343,1
DA:354,1
DA:355,1
DA:356,1
DA:369,1
DA:381,3
DA:382,3
DA:383,3
DA:384,3
DA:393,3
DA:398,3
DA:408,3
DA:418,1
DA:419,1
DA:420,1
DA:433,1
DA:444,1
DA:445,1
DA:446,1
DA:459,1
DA:471,1
DA:472,1
DA:473,1
DA:474,1
DA:485,1
DA:490,1
DA:500,1
DA:510,1
DA:511,1
DA:512,1
DA:525,1
DA:536,1
DA:537,1
DA:538,1
DA:551,1
DA:563,1
DA:564,1
DA:565,1
DA:566,1
DA:577,1
DA:582,1
DA:592,1
DA:602,1
DA:603,1
DA:604,1
DA:617,1
DA:628,1
DA:629,1
DA:630,1
DA:643,1
DA:655,1
DA:656,1
DA:657,1
DA:658,1
DA:669,1
DA:674,1
DA:684,1
DA:694,1
DA:695,1
DA:696,1
DA:709,1
DA:720,1
DA:721,1
DA:722,1
DA:735,1
DA:747,1
DA:748,1
DA:749,1
DA:750,1
DA:761,1
DA:766,1
DA:776,1
DA:786,0
DA:787,0
DA:788,0
DA:801,0
DA:812,0
DA:813,0
DA:814,0
DA:827,0
DA:839,0
DA:840,0
DA:841,0
DA:842,0
DA:853,0
DA:858,0
DA:868,0
DA:872,30
DA:876,14
DA:877,0
DA:879,14
DA:880,1
DA:882,14
DA:883,6
DA:885,14
DA:886,0
DA:888,14
DA:889,0
DA:891,14
LF:157
LH:139
BRDA:872,0,0,0
BRDA:872,0,1,30
BRDA:876,1,0,0
BRDA:876,1,1,14
BRDA:879,2,0,1
BRDA:879,2,1,13
BRDA:882,3,0,6
BRDA:882,3,1,8
BRDA:885,4,0,0
BRDA:885,4,1,14
BRDA:888,5,0,0
BRDA:888,5,1,14
BRF:12
BRH:8
end_of_record
TN:
SF:src\openlayers\services\QueryService.js
FN:38,(anonymous_0)
FN:50,(anonymous_1)
FN:76,(anonymous_2)
FN:102,(anonymous_3)
FN:128,(anonymous_4)
FN:147,(anonymous_5)
FN:173,(anonymous_6)
FNF:7
FNH:7
FNDA:8,(anonymous_0)
FNDA:1,(anonymous_1)
FNDA:1,(anonymous_2)
FNDA:5,(anonymous_3)
FNDA:1,(anonymous_4)
FNDA:8,(anonymous_5)
FNDA:8,(anonymous_6)
DA:39,8
DA:51,1
DA:52,1
DA:66,1
DA:77,1
DA:78,1
DA:92,1
DA:103,5
DA:104,5
DA:118,5
DA:129,1
DA:130,1
DA:144,1
DA:148,8
DA:149,0
DA:151,8
DA:152,8
DA:153,4
DA:155,8
DA:156,1
DA:163,8
DA:164,2
DA:165,1
DA:167,1
DA:170,8
DA:174,8
LF:26
LH:25
BRDA:148,0,0,0
BRDA:148,0,1,8
BRDA:151,1,0,0
BRDA:151,1,1,8
BRDA:152,2,0,4
BRDA:152,2,1,4
BRDA:152,3,0,8
BRDA:152,3,1,8
BRDA:155,4,0,1
BRDA:155,4,1,7
BRDA:163,5,0,2
BRDA:163,5,1,6
BRDA:164,6,0,1
BRDA:164,6,1,1
BRDA:174,7,0,0
BRDA:174,7,1,8
BRF:16
BRH:13
end_of_record
TN:
SF:src\openlayers\services\ServiceBase.js
FN:19,(anonymous_0)
FNF:1
FNH:1
FNDA:202,(anonymous_0)
DA:20,202
DA:21,202
DA:22,202
DA:23,202
LF:4
LH:4
BRDA:21,0,0,202
BRDA:21,0,1,113
BRF:2
BRH:2
end_of_record
TN:
SF:src\openlayers\services\SpatialAnalystService.js
FN:46,(anonymous_0)
FN:57,(anonymous_1)
FN:82,(anonymous_2)
FN:107,(anonymous_3)
FN:132,(anonymous_4)
FN:157,(anonymous_5)
FN:182,(anonymous_6)
FN:207,(anonymous_7)
FN:232,(anonymous_8)
FN:257,(anonymous_9)
FN:282,(anonymous_10)
FN:307,(anonymous_11)
FN:332,(anonymous_12)
FN:357,(anonymous_13)
FN:389,(anonymous_14)
FN:414,(anonymous_15)
FN:509,(anonymous_16)
FN:515,(anonymous_17)
FN:523,(anonymous_18)
FN:534,(anonymous_19)
FNF:20
FNH:17
FNDA:19,(anonymous_0)
FNDA:0,(anonymous_1)
FNDA:3,(anonymous_2)
FNDA:1,(anonymous_3)
FNDA:1,(anonymous_4)
FNDA:1,(anonymous_5)
FNDA:3,(anonymous_6)
FNDA:1,(anonymous_7)
FNDA:1,(anonymous_8)
FNDA:1,(anonymous_9)
FNDA:2,(anonymous_10)
FNDA:1,(anonymous_11)
FNDA:1,(anonymous_12)
FNDA:2,(anonymous_13)
FNDA:1,(anonymous_14)
FNDA:17,(anonymous_15)
FNDA:0,(anonymous_16)
FNDA:0,(anonymous_17)
FNDA:19,(anonymous_18)
FNDA:5,(anonymous_19)
DA:47,19
DA:58,0
DA:59,0
DA:72,0
DA:83,3
DA:84,3
DA:97,3
DA:108,1
DA:109,1
DA:122,1
DA:133,1
DA:134,1
DA:147,1
DA:158,1
DA:159,1
DA:172,1
DA:183,3
DA:184,3
DA:197,3
DA:208,1
DA:209,1
DA:222,1
DA:233,1
DA:234,1
DA:247,1
DA:258,1
DA:259,1
DA:272,1
DA:283,2
DA:284,2
DA:297,2
DA:308,1
DA:309,1
DA:322,1
DA:333,1
DA:334,1
DA:347,1
DA:358,2
DA:359,2
DA:372,2
DA:390,1
DA:391,1
DA:402,1
DA:403,1
DA:404,2
DA:405,2
DA:411,1
DA:415,17
DA:416,0
DA:418,17
DA:419,4
DA:421,17
DA:422,1
DA:423,1
DA:424,1
DA:425,0
DA:427,1
DA:436,17
DA:437,1
DA:438,10
DA:439,10
DA:440,0
DA:442,10
DA:445,17
DA:446,1
DA:447,1
DA:448,0
DA:450,1
DA:452,17
DA:453,0
DA:455,17
DA:456,1
DA:458,17
DA:459,0
DA:462,17
DA:463,3
DA:464,3
DA:465,1
DA:467,3
DA:468,3
DA:469,1
DA:471,3
DA:473,17
DA:474,1
DA:477,17
DA:478,0
DA:479,0
DA:480,0
DA:482,0
DA:485,17
DA:486,0
DA:487,0
DA:488,0
DA:490,0
DA:493,17
DA:494,3
DA:495,3
DA:496,3
DA:497,3
DA:498,3
DA:499,3
DA:500,12
DA:501,12
DA:503,3
DA:507,17
DA:508,17
DA:509,1
DA:510,0
DA:511,0
DA:514,17
DA:515,0
DA:516,0
DA:517,0
DA:520,17
DA:524,19
DA:536,5
DA:537,3
DA:539,2
LF:118
LH:96
BRDA:415,0,0,0
BRDA:415,0,1,17
BRDA:418,1,0,4
BRDA:418,1,1,13
BRDA:421,2,0,1
BRDA:421,2,1,16
BRDA:424,3,0,0
BRDA:424,3,1,1
BRDA:436,4,0,1
BRDA:436,4,1,16
BRDA:439,5,0,0
BRDA:439,5,1,10
BRDA:445,6,0,1
BRDA:445,6,1,16
BRDA:447,7,0,0
BRDA:447,7,1,1
BRDA:452,8,0,0
BRDA:452,8,1,17
BRDA:455,9,0,1
BRDA:455,9,1,16
BRDA:455,10,0,17
BRDA:455,10,1,1
BRDA:458,11,0,0
BRDA:458,11,1,17
BRDA:458,12,0,17
BRDA:458,12,1,0
BRDA:462,13,0,3
BRDA:462,13,1,14
BRDA:464,14,0,1
BRDA:464,14,1,2
BRDA:468,15,0,1
BRDA:468,15,1,2
BRDA:473,16,0,1
BRDA:473,16,1,16
BRDA:477,17,0,0
BRDA:477,17,1,17
BRDA:485,18,0,0
BRDA:485,18,1,17
BRDA:493,19,0,3
BRDA:493,19,1,14
BRDA:494,20,0,3
BRDA:494,20,1,0
BRDA:494,21,0,3
BRDA:494,21,1,3
BRDA:508,22,0,1
BRDA:508,22,1,16
BRDA:508,23,0,17
BRDA:508,23,1,1
BRDA:514,24,0,0
BRDA:514,24,1,17
BRDA:514,25,0,17
BRDA:514,25,1,3
BRDA:514,25,2,0
BRDA:524,26,0,0
BRDA:524,26,1,19
BRDA:536,27,0,3
BRDA:536,27,1,2
BRF:57
BRH:44
end_of_record
TN:
SF:src\openlayers\services\ThemeService.js
FN:27,(anonymous_0)
FN:37,(anonymous_1)
FNF:2
FNH:2
FNDA:8,(anonymous_0)
FNDA:8,(anonymous_1)
DA:28,8
DA:38,8
DA:39,8
DA:50,8
LF:4
LH:4
BRF:0
BRH:0
end_of_record
TN:
SF:src\openlayers\services\TrafficTransferAnalystService.js
FN:28,(anonymous_0)
FN:38,(anonymous_1)
FN:61,(anonymous_2)
FN:84,(anonymous_3)
FN:101,(anonymous_4)
FN:109,(anonymous_5)
FNF:6
FNH:6
FNDA:5,(anonymous_0)
FNDA:2,(anonymous_1)
FNDA:2,(anonymous_2)
FNDA:1,(anonymous_3)
FNDA:3,(anonymous_4)
FNDA:6,(anonymous_5)
DA:29,5
DA:39,2
DA:40,2
DA:52,2
DA:62,2
DA:63,2
DA:75,2
DA:85,1
DA:86,1
DA:98,1
DA:102,3
DA:103,0
DA:105,3
DA:106,0
DA:108,3
DA:109,3
DA:110,6
DA:114,6
DA:117,3
LF:19
LH:17
BRDA:102,0,0,0
BRDA:102,0,1,3
BRDA:105,1,0,0
BRDA:105,1,1,3
BRDA:105,2,0,3
BRDA:105,2,1,2
BRDA:108,3,0,3
BRDA:108,3,1,0
BRDA:108,4,0,3
BRDA:108,4,1,3
BRDA:110,5,0,0
BRDA:110,5,1,6
BRF:12
BRH:8
end_of_record
TN:
SF:src\openlayers\services\WebPrintingJobService.js
FN:29,(anonymous_0)
FN:39,(anonymous_1)
FN:66,(anonymous_2)
FN:90,(anonymous_3)
FN:113,(anonymous_4)
FN:131,(anonymous_5)
FN:143,(anonymous_6)
FNF:7
FNH:7
FNDA:4,(anonymous_0)
FNDA:1,(anonymous_1)
FNDA:1,(anonymous_2)
FNDA:1,(anonymous_3)
FNDA:1,(anonymous_4)
FNDA:1,(anonymous_5)
FNDA:2,(anonymous_6)
DA:30,4
DA:40,1
DA:41,0
DA:43,1
DA:44,1
DA:57,1
DA:67,1
DA:68,1
DA:81,1
DA:91,1
DA:92,1
DA:105,1
DA:114,1
DA:115,1
DA:128,1
DA:132,1
DA:133,1
DA:137,1
DA:138,1
DA:140,1
DA:144,2
DA:145,1
DA:149,1
DA:150,0
DA:155,1
LF:25
LH:23
BRDA:40,0,0,0
BRDA:40,0,1,1
BRDA:132,1,0,1
BRDA:132,1,1,0
BRDA:132,2,0,1
BRDA:132,2,1,1
BRDA:137,3,0,1
BRDA:137,3,1,0
BRDA:144,4,0,1
BRDA:144,4,1,1
BRDA:149,5,0,0
BRDA:149,5,1,1
BRDA:149,6,0,1
BRDA:149,6,1,1
BRF:14
BRH:10
end_of_record
TN:
SF:src\openlayers\services\index.js
FNF:0
FNH:0
LF:0
LH:0
BRF:0
BRH:0
end_of_record
